<?xml version="1.0" encoding="UTF-8"?>
<!-- Generated by org.testng.reporters.JUnitXMLReporter -->
<testsuite hostname="Kamals-MacBook-Pro.local" ignored="94" name="Test" tests="48" failures="8" timestamp="2023-03-10T14:51:54 IST" time="5900.356" errors="0">
  <testcase name="aSmokeTestCase" time="42.498" classname="Memberse.AndroidAutomation.aSmokeTest"/>
  <testcase name="aRegisterFormValidationTestCase" time="48.419" classname="Memberse.AndroidAutomation.aSignupFormValidationTest"/>
  <testcase name="aRegisterWithEmailTestCase" time="69.145" classname="Memberse.AndroidAutomation.aSignupWithEmailTest"/>
  <testcase name="aEmailFormValidationTestCase" time="39.207" classname="Memberse.AndroidAutomation.aLoginFormValidationTest"/>
  <testcase name="aLoginWithEmailTestCase" time="63.678" classname="Memberse.AndroidAutomation.aLoginWithEmailTest"/>
  <testcase name="aLoginWithGoogleTestCase" time="61.44" classname="Memberse.AndroidAutomation.aLoginWithGoogleTest"/>
  <testcase name="aLoginWithFacebookTestCase" time="58.436" classname="Memberse.AndroidAutomation.aLoginWithFacebookTest">
    <failure type="org.openqa.selenium.NoSuchElementException" message="An element could not be located on the page using the given search parameters. (WARNING: The server did not provide any stacktrace information)
Command duration or timeout: 0 milliseconds
For documentation on this error, please visit: https://www.seleniumhq.org/exceptions/no_such_element.html
Build info: version: &amp;apos;3.141.59&amp;apos;, revision: &amp;apos;e82be7d358&amp;apos;, time: &amp;apos;2018-11-14T08:17:03&amp;apos;
System info: host: &amp;apos;Kamals-MacBook-Pro.local&amp;apos;, ip: &amp;apos;2401:4900:599c:5663:d923:21b5:c64d:7b76%en0&amp;apos;, os.name: &amp;apos;Mac OS X&amp;apos;, os.arch: &amp;apos;x86_64&amp;apos;, os.version: &amp;apos;13.2.1&amp;apos;, java.version: &amp;apos;1.8.0_351&amp;apos;
Driver info: io.appium.java_client.android.AndroidDriver
Capabilities {64bit: false, acceptSslCert: false, acceptSslCerts: false, adbExecTimeout: 120000, appActivity: dog.fa.so.app.MainActivity, appPackage: dog.fa.so.app.stage, automationName: uiautomator2, browserstack.appium_version: 1.17.0, browserstack.is_hub_canary: false, browserstack.minOSVersion: 7.0, bundleID: dog.fa.so.app.stage, bundleId: dog.fa.so.app.stage, capabilities: {64bit: false, acceptSslCert: false, acceptSslCerts: false, adbExecTimeout: 120000, appActivity: dog.fa.so.app.MainActivity, appPackage: dog.fa.so.app.stage, automationName: uiautomator2, browserstack.appium_version: 1.17.0, browserstack.is_hub_canary: false, browserstack.minOSVersion: 7.0, bundleID: dog.fa.so.app.stage, bundleId: dog.fa.so.app.stage, chromeOptions: {w3c: false}, chromedriverPort: 18081, chromedriverPorts: [[18111, 18121]], databaseEnabled: false, detected_language: selenium/3.141.59 (java mac), device: google pixel 3 xl, deviceApiLevel: 28, deviceManufacturer: Google, deviceModel: Pixel 3 XL, deviceName: 891Y034WA, deviceScreenDensity: 560, deviceScreenSize: 1440x2960, deviceUDID: 891Y034WA, disableSuppressAccessibilityService: true, enablePerformanceLogging: false, javascriptEnabled: true, locationContextEnabled: false, mobile: {browser: mobile, version: Google Pixel 3 XL-9.0}, nativeWebScreenshot: true, networkConnectionEnabled: true, newCommandTimeout: 0, new_bucketing: true, orig_os: android, osVersion: 9.0, os_version: 9.0, pixelRatio: 3.5, platform: ANDROID, platformName: Android, platformVersion: 9, realMobile: true, sessionId: 2a828e929ec80dc7d8c112f0f46..., skipServerInstallation: true, statBarHeight: 171, systemPort: 8201, takesScreenshot: true, udid: 891Y034WA, uiautomator2ServerLaunchTimeout: 60000, version: , viewportRect: {height: 2450, left: 0, top: 171, width: 1440}, warnings: {}, webStorageEnabled: false}, chromeOptions: {w3c: false}, chromedriverPort: 18081, chromedriverPorts: [[18111, 18121]], databaseEnabled: false, detected_language: selenium/3.141.59 (java mac), device: google pixel 3 xl, deviceApiLevel: 28, deviceManufacturer: Google, deviceModel: Pixel 3 XL, deviceName: 891Y034WA, deviceScreenDensity: 560, deviceScreenSize: 1440x2960, deviceUDID: 891Y034WA, disableSuppressAccessibilityService: true, enablePerformanceLogging: false, javascriptEnabled: true, locationContextEnabled: false, mobile: {browser: mobile, version: Google Pixel 3 XL-9.0}, nativeWebScreenshot: true, networkConnectionEnabled: true, newCommandTimeout: 0, new_bucketing: true, orig_os: android, osVersion: 9.0, os_version: 9.0, pixelRatio: 3.5, platform: ANDROID, platformName: Android, platformVersion: 9, realMobile: true, sessionId: 2a828e929ec80dc7d8c112f0f46..., skipServerInstallation: true, statBarHeight: 171, systemPort: 8201, takesScreenshot: true, udid: 891Y034WA, uiautomator2ServerLaunchTimeout: 60000, version: , viewportRect: {height: 2450, left: 0, top: 171, width: 1440}, warnings: {}, webStorageEnabled: false}
Session ID: 2a828e929ec80dc7d8c112f0f460108df15b2f3d
*** Element info: {Using=xpath, value=/hierarchy/android.widget.FrameLayout/android.widget.LinearLayout/android.widget.FrameLayout/android.widget.FrameLayout/android.widget.FrameLayout/android.view.ViewGroup/android.widget.FrameLayout[1]/android.widget.FrameLayout[1]/android.webkit.WebView/android.view.View/android.view.View/android.view.View[2]/android.view.View[1]/android.view.View[1]/android.view.View[2]/android.widget.Button}">
      <![CDATA[org.openqa.selenium.NoSuchElementException: An element could not be located on the page using the given search parameters. (WARNING: The server did not provide any stacktrace information)
Command duration or timeout: 0 milliseconds
For documentation on this error, please visit: https://www.seleniumhq.org/exceptions/no_such_element.html
Build info: version: '3.141.59', revision: 'e82be7d358', time: '2018-11-14T08:17:03'
System info: host: 'Kamals-MacBook-Pro.local', ip: '2401:4900:599c:5663:d923:21b5:c64d:7b76%en0', os.name: 'Mac OS X', os.arch: 'x86_64', os.version: '13.2.1', java.version: '1.8.0_351'
Driver info: io.appium.java_client.android.AndroidDriver
Capabilities {64bit: false, acceptSslCert: false, acceptSslCerts: false, adbExecTimeout: 120000, appActivity: dog.fa.so.app.MainActivity, appPackage: dog.fa.so.app.stage, automationName: uiautomator2, browserstack.appium_version: 1.17.0, browserstack.is_hub_canary: false, browserstack.minOSVersion: 7.0, bundleID: dog.fa.so.app.stage, bundleId: dog.fa.so.app.stage, capabilities: {64bit: false, acceptSslCert: false, acceptSslCerts: false, adbExecTimeout: 120000, appActivity: dog.fa.so.app.MainActivity, appPackage: dog.fa.so.app.stage, automationName: uiautomator2, browserstack.appium_version: 1.17.0, browserstack.is_hub_canary: false, browserstack.minOSVersion: 7.0, bundleID: dog.fa.so.app.stage, bundleId: dog.fa.so.app.stage, chromeOptions: {w3c: false}, chromedriverPort: 18081, chromedriverPorts: [[18111, 18121]], databaseEnabled: false, detected_language: selenium/3.141.59 (java mac), device: google pixel 3 xl, deviceApiLevel: 28, deviceManufacturer: Google, deviceModel: Pixel 3 XL, deviceName: 891Y034WA, deviceScreenDensity: 560, deviceScreenSize: 1440x2960, deviceUDID: 891Y034WA, disableSuppressAccessibilityService: true, enablePerformanceLogging: false, javascriptEnabled: true, locationContextEnabled: false, mobile: {browser: mobile, version: Google Pixel 3 XL-9.0}, nativeWebScreenshot: true, networkConnectionEnabled: true, newCommandTimeout: 0, new_bucketing: true, orig_os: android, osVersion: 9.0, os_version: 9.0, pixelRatio: 3.5, platform: ANDROID, platformName: Android, platformVersion: 9, realMobile: true, sessionId: 2a828e929ec80dc7d8c112f0f46..., skipServerInstallation: true, statBarHeight: 171, systemPort: 8201, takesScreenshot: true, udid: 891Y034WA, uiautomator2ServerLaunchTimeout: 60000, version: , viewportRect: {height: 2450, left: 0, top: 171, width: 1440}, warnings: {}, webStorageEnabled: false}, chromeOptions: {w3c: false}, chromedriverPort: 18081, chromedriverPorts: [[18111, 18121]], databaseEnabled: false, detected_language: selenium/3.141.59 (java mac), device: google pixel 3 xl, deviceApiLevel: 28, deviceManufacturer: Google, deviceModel: Pixel 3 XL, deviceName: 891Y034WA, deviceScreenDensity: 560, deviceScreenSize: 1440x2960, deviceUDID: 891Y034WA, disableSuppressAccessibilityService: true, enablePerformanceLogging: false, javascriptEnabled: true, locationContextEnabled: false, mobile: {browser: mobile, version: Google Pixel 3 XL-9.0}, nativeWebScreenshot: true, networkConnectionEnabled: true, newCommandTimeout: 0, new_bucketing: true, orig_os: android, osVersion: 9.0, os_version: 9.0, pixelRatio: 3.5, platform: ANDROID, platformName: Android, platformVersion: 9, realMobile: true, sessionId: 2a828e929ec80dc7d8c112f0f46..., skipServerInstallation: true, statBarHeight: 171, systemPort: 8201, takesScreenshot: true, udid: 891Y034WA, uiautomator2ServerLaunchTimeout: 60000, version: , viewportRect: {height: 2450, left: 0, top: 171, width: 1440}, warnings: {}, webStorageEnabled: false}
Session ID: 2a828e929ec80dc7d8c112f0f460108df15b2f3d
*** Element info: {Using=xpath, value=/hierarchy/android.widget.FrameLayout/android.widget.LinearLayout/android.widget.FrameLayout/android.widget.FrameLayout/android.widget.FrameLayout/android.view.ViewGroup/android.widget.FrameLayout[1]/android.widget.FrameLayout[1]/android.webkit.WebView/android.view.View/android.view.View/android.view.View[2]/android.view.View[1]/android.view.View[1]/android.view.View[2]/android.widget.Button}
at org.openqa.selenium.remote.ErrorHandler.createThrowable(ErrorHandler.java:214)
at org.openqa.selenium.remote.ErrorHandler.throwIfResponseFailed(ErrorHandler.java:166)
at org.openqa.selenium.remote.http.JsonHttpResponseCodec.reconstructValue(JsonHttpResponseCodec.java:40)
at org.openqa.selenium.remote.http.AbstractHttpResponseCodec.decode(AbstractHttpResponseCodec.java:80)
at org.openqa.selenium.remote.http.AbstractHttpResponseCodec.decode(AbstractHttpResponseCodec.java:44)
at org.openqa.selenium.remote.HttpCommandExecutor.execute(HttpCommandExecutor.java:158)
at io.appium.java_client.remote.AppiumCommandExecutor.execute(AppiumCommandExecutor.java:239)
at org.openqa.selenium.remote.RemoteWebDriver.execute(RemoteWebDriver.java:552)
at io.appium.java_client.DefaultGenericMobileDriver.execute(DefaultGenericMobileDriver.java:41)
at io.appium.java_client.AppiumDriver.execute(AppiumDriver.java:1)
at io.appium.java_client.android.AndroidDriver.execute(AndroidDriver.java:1)
at org.openqa.selenium.remote.RemoteWebDriver.findElement(RemoteWebDriver.java:323)
at io.appium.java_client.DefaultGenericMobileDriver.findElement(DefaultGenericMobileDriver.java:61)
at io.appium.java_client.AppiumDriver.findElement(AppiumDriver.java:1)
at io.appium.java_client.android.AndroidDriver.findElement(AndroidDriver.java:1)
at org.openqa.selenium.remote.RemoteWebDriver.findElementByXPath(RemoteWebDriver.java:428)
at io.appium.java_client.DefaultGenericMobileDriver.findElementByXPath(DefaultGenericMobileDriver.java:151)
at io.appium.java_client.AppiumDriver.findElementByXPath(AppiumDriver.java:1)
at io.appium.java_client.android.AndroidDriver.findElementByXPath(AndroidDriver.java:1)
at Memberse.AndroidAutomation.aLoginWithFacebookTest.aLoginWithFacebookTestCase(aLoginWithFacebookTest.java:44)
at java.util.ArrayList.forEach(ArrayList.java:1259)
... Removed 31 stack frames]]>
    </failure>
  </testcase> <!-- aLoginWithFacebookTestCase -->
  <testcase name="aLogoutTestCase" time="59.141" classname="Memberse.AndroidAutomation.aLogoutTest"/>
  <testcase name="aDeleteAccountTestCase" time="73.582" classname="Memberse.AndroidAutomation.aDeleteAccountTest"/>
  <testcase name="aTermsAndConditionsTestCase" time="81.543" classname="Memberse.AndroidAutomation.aTermsAndConditionsTest"/>
  <testcase name="aCommunityGuidelinesTestCase" time="85.867" classname="Memberse.AndroidAutomation.aCommunityGuidelinesTest"/>
  <testcase name="aPrivacyPolicyTestCase" time="87.285" classname="Memberse.AndroidAutomation.aPrivacyPolicyTest"/>
  <testcase name="aFeedsVerifyTestCase" time="61.438" classname="Memberse.AndroidAutomation.aFeedsVerifyTest"/>
  <testcase name="aFeedsFilterTestCase" time="93.965" classname="Memberse.AndroidAutomation.aFeedsFilterTest">
    <failure type="java.lang.AssertionError" message="expected [kqatestc3&amp;apos;s Community] but found [kqatestc5&amp;apos;s Community]">
      <![CDATA[java.lang.AssertionError: expected [kqatestc3's Community] but found [kqatestc5's Community]
at Memberse.AndroidAutomation.aFeedsFilterTest.aFeedsFilterTestCase(aFeedsFilterTest.java:61)
at java.util.ArrayList.forEach(ArrayList.java:1259)
... Removed 33 stack frames]]>
    </failure>
  </testcase> <!-- aFeedsFilterTestCase -->
  <testcase name="aCreateTextPostTestCase" time="85.628" classname="Memberse.AndroidAutomation.aCreateTextPostTest">
    <failure type="org.openqa.selenium.NoSuchElementException" message="Can&amp;apos;t locate an element by this strategy: By.chained({By.xpath: /hierarchy/android.widget.FrameLayout/android.widget.LinearLayout/android.widget.FrameLayout/android.widget.LinearLayout/android.widget.FrameLayout/android.view.ViewGroup[2]/android.view.ViewGroup/androidx.drawerlayout.widget.DrawerLayout/android.view.ViewGroup/android.view.ViewGroup/android.view.ViewGroup/android.widget.FrameLayout/android.view.ViewGroup/android.view.ViewGroup/android.widget.ScrollView/android.view.ViewGroup/android.view.ViewGroup/android.view.ViewGroup[7]/android.widget.Switch})">
      <![CDATA[org.openqa.selenium.NoSuchElementException: Can't locate an element by this strategy: By.chained({By.xpath: /hierarchy/android.widget.FrameLayout/android.widget.LinearLayout/android.widget.FrameLayout/android.widget.LinearLayout/android.widget.FrameLayout/android.view.ViewGroup[2]/android.view.ViewGroup/androidx.drawerlayout.widget.DrawerLayout/android.view.ViewGroup/android.view.ViewGroup/android.view.ViewGroup/android.widget.FrameLayout/android.view.ViewGroup/android.view.ViewGroup/android.widget.ScrollView/android.view.ViewGroup/android.view.ViewGroup/android.view.ViewGroup[7]/android.widget.Switch})
at io.appium.java_client.pagefactory.AppiumElementLocator.findElement(AppiumElementLocator.java:126)
at io.appium.java_client.pagefactory.interceptors.InterceptorOfASingleElement.intercept(InterceptorOfASingleElement.java:59)
at io.appium.java_client.android.AndroidElement$$EnhancerByCGLIB$$b598166c.click(<generated>)
at Memberse.AndroidAutomation.aCreateTextPostTest.aCreateTextPostTestCase(aCreateTextPostTest.java:60)
at java.util.ArrayList.forEach(ArrayList.java:1259)
Caused by: org.openqa.selenium.TimeoutException: Expected condition failed: waiting for io.appium.java_client.pagefactory.AppiumElementLocator$WaitingFunction@7e64c1a9 (tried for 1 second(s) with 500 milliseconds interval)
at org.openqa.selenium.support.ui.FluentWait.timeoutException(FluentWait.java:304)
at org.openqa.selenium.support.ui.FluentWait.until(FluentWait.java:272)
at io.appium.java_client.pagefactory.AppiumElementLocator.waitFor(AppiumElementLocator.java:99)
at io.appium.java_client.pagefactory.AppiumElementLocator.findElement(AppiumElementLocator.java:119)
... 31 more
Caused by: org.openqa.selenium.NoSuchElementException: Cannot locate an element using By.chained({By.xpath: /hierarchy/android.widget.FrameLayout/android.widget.LinearLayout/android.widget.FrameLayout/android.widget.LinearLayout/android.widget.FrameLayout/android.view.ViewGroup[2]/android.view.ViewGroup/androidx.drawerlayout.widget.DrawerLayout/android.view.ViewGroup/android.view.ViewGroup/android.view.ViewGroup/android.widget.FrameLayout/android.view.ViewGroup/android.view.ViewGroup/android.widget.ScrollView/android.view.ViewGroup/android.view.ViewGroup/android.view.ViewGroup[7]/android.widget.Switch})
For documentation on this error, please visit: https://www.seleniumhq.org/exceptions/no_such_element.html
Build info: version: '3.141.59', revision: 'e82be7d358', time: '2018-11-14T08:17:03'
System info: host: 'Kamals-MacBook-Pro.local', ip: '2401:4900:599c:5663:d923:21b5:c64d:7b76%en0', os.name: 'Mac OS X', os.arch: 'x86_64', os.version: '13.2.1', java.version: '1.8.0_351'
Driver info: driver.version: AndroidDriver
at io.appium.java_client.pagefactory.bys.builder.ByChained.findElement(ByChained.java:74)
at org.openqa.selenium.remote.RemoteWebDriver.findElement(RemoteWebDriver.java:315)
at io.appium.java_client.DefaultGenericMobileDriver.findElement(DefaultGenericMobileDriver.java:57)
at io.appium.java_client.AppiumDriver.findElement(AppiumDriver.java:1)
at io.appium.java_client.android.AndroidDriver.findElement(AndroidDriver.java:1)
at io.appium.java_client.pagefactory.bys.ContentMappedBy.findElement(ContentMappedBy.java:50)
at org.openqa.selenium.remote.RemoteWebDriver.findElement(RemoteWebDriver.java:315)
at io.appium.java_client.DefaultGenericMobileDriver.findElement(DefaultGenericMobileDriver.java:57)
at io.appium.java_client.AppiumDriver.findElement(AppiumDriver.java:1)
at io.appium.java_client.android.AndroidDriver.findElement(AndroidDriver.java:1)
at io.appium.java_client.pagefactory.AppiumElementLocator.lambda$0(AppiumElementLocator.java:120)
at io.appium.java_client.pagefactory.AppiumElementLocator$WaitingFunction.apply(AppiumElementLocator.java:172)
at io.appium.java_client.pagefactory.AppiumElementLocator$WaitingFunction.apply(AppiumElementLocator.java:1)
at org.openqa.selenium.support.ui.FluentWait.until(FluentWait.java:249)
... 33 more
... Removed 27 stack frames]]>
    </failure>
  </testcase> <!-- aCreateTextPostTestCase -->
  <testcase name="aCreatePhotoPostTestCase" time="79.542" classname="Memberse.AndroidAutomation.aCreatePhotoPostTest">
    <failure type="org.openqa.selenium.NoSuchElementException" message="Can&amp;apos;t locate an element by this strategy: By.chained({By.xpath: /hierarchy/android.widget.FrameLayout/android.widget.LinearLayout/android.widget.FrameLayout/android.widget.LinearLayout/android.widget.FrameLayout/android.view.ViewGroup[2]/android.view.ViewGroup/androidx.drawerlayout.widget.DrawerLayout/android.view.ViewGroup/android.view.ViewGroup/android.view.ViewGroup/android.widget.FrameLayout/android.view.ViewGroup/android.view.ViewGroup/android.widget.ScrollView/android.view.ViewGroup/android.view.ViewGroup/android.view.ViewGroup[7]/android.widget.Switch})">
      <![CDATA[org.openqa.selenium.NoSuchElementException: Can't locate an element by this strategy: By.chained({By.xpath: /hierarchy/android.widget.FrameLayout/android.widget.LinearLayout/android.widget.FrameLayout/android.widget.LinearLayout/android.widget.FrameLayout/android.view.ViewGroup[2]/android.view.ViewGroup/androidx.drawerlayout.widget.DrawerLayout/android.view.ViewGroup/android.view.ViewGroup/android.view.ViewGroup/android.widget.FrameLayout/android.view.ViewGroup/android.view.ViewGroup/android.widget.ScrollView/android.view.ViewGroup/android.view.ViewGroup/android.view.ViewGroup[7]/android.widget.Switch})
at io.appium.java_client.pagefactory.AppiumElementLocator.findElement(AppiumElementLocator.java:126)
at io.appium.java_client.pagefactory.interceptors.InterceptorOfASingleElement.intercept(InterceptorOfASingleElement.java:59)
at io.appium.java_client.android.AndroidElement$$EnhancerByCGLIB$$b598166c.click(<generated>)
at Memberse.AndroidAutomation.aCreatePhotoPostTest.aCreatePhotoPostTestCase(aCreatePhotoPostTest.java:62)
at java.util.ArrayList.forEach(ArrayList.java:1259)
Caused by: org.openqa.selenium.TimeoutException: Expected condition failed: waiting for io.appium.java_client.pagefactory.AppiumElementLocator$WaitingFunction@647b9364 (tried for 1 second(s) with 500 milliseconds interval)
at org.openqa.selenium.support.ui.FluentWait.timeoutException(FluentWait.java:304)
at org.openqa.selenium.support.ui.FluentWait.until(FluentWait.java:272)
at io.appium.java_client.pagefactory.AppiumElementLocator.waitFor(AppiumElementLocator.java:99)
at io.appium.java_client.pagefactory.AppiumElementLocator.findElement(AppiumElementLocator.java:119)
... 31 more
Caused by: org.openqa.selenium.NoSuchElementException: Cannot locate an element using By.chained({By.xpath: /hierarchy/android.widget.FrameLayout/android.widget.LinearLayout/android.widget.FrameLayout/android.widget.LinearLayout/android.widget.FrameLayout/android.view.ViewGroup[2]/android.view.ViewGroup/androidx.drawerlayout.widget.DrawerLayout/android.view.ViewGroup/android.view.ViewGroup/android.view.ViewGroup/android.widget.FrameLayout/android.view.ViewGroup/android.view.ViewGroup/android.widget.ScrollView/android.view.ViewGroup/android.view.ViewGroup/android.view.ViewGroup[7]/android.widget.Switch})
For documentation on this error, please visit: https://www.seleniumhq.org/exceptions/no_such_element.html
Build info: version: '3.141.59', revision: 'e82be7d358', time: '2018-11-14T08:17:03'
System info: host: 'Kamals-MacBook-Pro.local', ip: '2401:4900:599c:5663:d923:21b5:c64d:7b76%en0', os.name: 'Mac OS X', os.arch: 'x86_64', os.version: '13.2.1', java.version: '1.8.0_351'
Driver info: driver.version: AndroidDriver
at io.appium.java_client.pagefactory.bys.builder.ByChained.findElement(ByChained.java:74)
at org.openqa.selenium.remote.RemoteWebDriver.findElement(RemoteWebDriver.java:315)
at io.appium.java_client.DefaultGenericMobileDriver.findElement(DefaultGenericMobileDriver.java:57)
at io.appium.java_client.AppiumDriver.findElement(AppiumDriver.java:1)
at io.appium.java_client.android.AndroidDriver.findElement(AndroidDriver.java:1)
at io.appium.java_client.pagefactory.bys.ContentMappedBy.findElement(ContentMappedBy.java:50)
at org.openqa.selenium.remote.RemoteWebDriver.findElement(RemoteWebDriver.java:315)
at io.appium.java_client.DefaultGenericMobileDriver.findElement(DefaultGenericMobileDriver.java:57)
at io.appium.java_client.AppiumDriver.findElement(AppiumDriver.java:1)
at io.appium.java_client.android.AndroidDriver.findElement(AndroidDriver.java:1)
at io.appium.java_client.pagefactory.AppiumElementLocator.lambda$0(AppiumElementLocator.java:120)
at io.appium.java_client.pagefactory.AppiumElementLocator$WaitingFunction.apply(AppiumElementLocator.java:172)
at io.appium.java_client.pagefactory.AppiumElementLocator$WaitingFunction.apply(AppiumElementLocator.java:1)
at org.openqa.selenium.support.ui.FluentWait.until(FluentWait.java:249)
... 33 more
... Removed 27 stack frames]]>
    </failure>
  </testcase> <!-- aCreatePhotoPostTestCase -->
  <testcase name="aCreateVideoPostTestCase" time="80.545" classname="Memberse.AndroidAutomation.aCreateVideoPostTest">
    <failure type="org.openqa.selenium.NoSuchElementException" message="Can&amp;apos;t locate an element by this strategy: By.chained({By.xpath: /hierarchy/android.widget.FrameLayout/android.widget.LinearLayout/android.widget.FrameLayout/android.widget.LinearLayout/android.widget.FrameLayout/android.view.ViewGroup[2]/android.view.ViewGroup/androidx.drawerlayout.widget.DrawerLayout/android.view.ViewGroup/android.view.ViewGroup/android.view.ViewGroup/android.widget.FrameLayout/android.view.ViewGroup/android.view.ViewGroup/android.widget.ScrollView/android.view.ViewGroup/android.view.ViewGroup/android.view.ViewGroup[7]/android.widget.Switch})">
      <![CDATA[org.openqa.selenium.NoSuchElementException: Can't locate an element by this strategy: By.chained({By.xpath: /hierarchy/android.widget.FrameLayout/android.widget.LinearLayout/android.widget.FrameLayout/android.widget.LinearLayout/android.widget.FrameLayout/android.view.ViewGroup[2]/android.view.ViewGroup/androidx.drawerlayout.widget.DrawerLayout/android.view.ViewGroup/android.view.ViewGroup/android.view.ViewGroup/android.widget.FrameLayout/android.view.ViewGroup/android.view.ViewGroup/android.widget.ScrollView/android.view.ViewGroup/android.view.ViewGroup/android.view.ViewGroup[7]/android.widget.Switch})
at io.appium.java_client.pagefactory.AppiumElementLocator.findElement(AppiumElementLocator.java:126)
at io.appium.java_client.pagefactory.interceptors.InterceptorOfASingleElement.intercept(InterceptorOfASingleElement.java:59)
at io.appium.java_client.android.AndroidElement$$EnhancerByCGLIB$$b598166c.click(<generated>)
at Memberse.AndroidAutomation.aCreateVideoPostTest.aCreateVideoPostTestCase(aCreateVideoPostTest.java:62)
at java.util.ArrayList.forEach(ArrayList.java:1259)
Caused by: org.openqa.selenium.TimeoutException: Expected condition failed: waiting for io.appium.java_client.pagefactory.AppiumElementLocator$WaitingFunction@8c43966 (tried for 1 second(s) with 500 milliseconds interval)
at org.openqa.selenium.support.ui.FluentWait.timeoutException(FluentWait.java:304)
at org.openqa.selenium.support.ui.FluentWait.until(FluentWait.java:272)
at io.appium.java_client.pagefactory.AppiumElementLocator.waitFor(AppiumElementLocator.java:99)
at io.appium.java_client.pagefactory.AppiumElementLocator.findElement(AppiumElementLocator.java:119)
... 31 more
Caused by: org.openqa.selenium.NoSuchElementException: Cannot locate an element using By.chained({By.xpath: /hierarchy/android.widget.FrameLayout/android.widget.LinearLayout/android.widget.FrameLayout/android.widget.LinearLayout/android.widget.FrameLayout/android.view.ViewGroup[2]/android.view.ViewGroup/androidx.drawerlayout.widget.DrawerLayout/android.view.ViewGroup/android.view.ViewGroup/android.view.ViewGroup/android.widget.FrameLayout/android.view.ViewGroup/android.view.ViewGroup/android.widget.ScrollView/android.view.ViewGroup/android.view.ViewGroup/android.view.ViewGroup[7]/android.widget.Switch})
For documentation on this error, please visit: https://www.seleniumhq.org/exceptions/no_such_element.html
Build info: version: '3.141.59', revision: 'e82be7d358', time: '2018-11-14T08:17:03'
System info: host: 'Kamals-MacBook-Pro.local', ip: '2401:4900:599c:5663:d923:21b5:c64d:7b76%en0', os.name: 'Mac OS X', os.arch: 'x86_64', os.version: '13.2.1', java.version: '1.8.0_351'
Driver info: driver.version: AndroidDriver
at io.appium.java_client.pagefactory.bys.builder.ByChained.findElement(ByChained.java:74)
at org.openqa.selenium.remote.RemoteWebDriver.findElement(RemoteWebDriver.java:315)
at io.appium.java_client.DefaultGenericMobileDriver.findElement(DefaultGenericMobileDriver.java:57)
at io.appium.java_client.AppiumDriver.findElement(AppiumDriver.java:1)
at io.appium.java_client.android.AndroidDriver.findElement(AndroidDriver.java:1)
at io.appium.java_client.pagefactory.bys.ContentMappedBy.findElement(ContentMappedBy.java:50)
at org.openqa.selenium.remote.RemoteWebDriver.findElement(RemoteWebDriver.java:315)
at io.appium.java_client.DefaultGenericMobileDriver.findElement(DefaultGenericMobileDriver.java:57)
at io.appium.java_client.AppiumDriver.findElement(AppiumDriver.java:1)
at io.appium.java_client.android.AndroidDriver.findElement(AndroidDriver.java:1)
at io.appium.java_client.pagefactory.AppiumElementLocator.lambda$0(AppiumElementLocator.java:120)
at io.appium.java_client.pagefactory.AppiumElementLocator$WaitingFunction.apply(AppiumElementLocator.java:172)
at io.appium.java_client.pagefactory.AppiumElementLocator$WaitingFunction.apply(AppiumElementLocator.java:1)
at org.openqa.selenium.support.ui.FluentWait.until(FluentWait.java:249)
... 33 more
... Removed 27 stack frames]]>
    </failure>
  </testcase> <!-- aCreateVideoPostTestCase -->
  <testcase name="aCreateAudioPostTestCase" time="85.852" classname="Memberse.AndroidAutomation.aCreateAudioPostTest">
    <failure type="org.openqa.selenium.NoSuchElementException" message="Can&amp;apos;t locate an element by this strategy: By.chained({By.xpath: /hierarchy/android.widget.FrameLayout/android.widget.LinearLayout/android.widget.FrameLayout/android.widget.LinearLayout/android.widget.FrameLayout/android.view.ViewGroup[2]/android.view.ViewGroup/androidx.drawerlayout.widget.DrawerLayout/android.view.ViewGroup/android.view.ViewGroup/android.view.ViewGroup/android.widget.FrameLayout/android.view.ViewGroup/android.view.ViewGroup/android.widget.ScrollView/android.view.ViewGroup/android.view.ViewGroup/android.view.ViewGroup[7]/android.widget.Switch})">
      <![CDATA[org.openqa.selenium.NoSuchElementException: Can't locate an element by this strategy: By.chained({By.xpath: /hierarchy/android.widget.FrameLayout/android.widget.LinearLayout/android.widget.FrameLayout/android.widget.LinearLayout/android.widget.FrameLayout/android.view.ViewGroup[2]/android.view.ViewGroup/androidx.drawerlayout.widget.DrawerLayout/android.view.ViewGroup/android.view.ViewGroup/android.view.ViewGroup/android.widget.FrameLayout/android.view.ViewGroup/android.view.ViewGroup/android.widget.ScrollView/android.view.ViewGroup/android.view.ViewGroup/android.view.ViewGroup[7]/android.widget.Switch})
at io.appium.java_client.pagefactory.AppiumElementLocator.findElement(AppiumElementLocator.java:126)
at io.appium.java_client.pagefactory.interceptors.InterceptorOfASingleElement.intercept(InterceptorOfASingleElement.java:59)
at io.appium.java_client.android.AndroidElement$$EnhancerByCGLIB$$b598166c.click(<generated>)
at Memberse.AndroidAutomation.aCreateAudioPostTest.aCreateAudioPostTestCase(aCreateAudioPostTest.java:62)
at java.util.ArrayList.forEach(ArrayList.java:1259)
Caused by: org.openqa.selenium.TimeoutException: Expected condition failed: waiting for io.appium.java_client.pagefactory.AppiumElementLocator$WaitingFunction@39133244 (tried for 1 second(s) with 500 milliseconds interval)
at org.openqa.selenium.support.ui.FluentWait.timeoutException(FluentWait.java:304)
at org.openqa.selenium.support.ui.FluentWait.until(FluentWait.java:272)
at io.appium.java_client.pagefactory.AppiumElementLocator.waitFor(AppiumElementLocator.java:99)
at io.appium.java_client.pagefactory.AppiumElementLocator.findElement(AppiumElementLocator.java:119)
... 31 more
Caused by: org.openqa.selenium.NoSuchElementException: Cannot locate an element using By.chained({By.xpath: /hierarchy/android.widget.FrameLayout/android.widget.LinearLayout/android.widget.FrameLayout/android.widget.LinearLayout/android.widget.FrameLayout/android.view.ViewGroup[2]/android.view.ViewGroup/androidx.drawerlayout.widget.DrawerLayout/android.view.ViewGroup/android.view.ViewGroup/android.view.ViewGroup/android.widget.FrameLayout/android.view.ViewGroup/android.view.ViewGroup/android.widget.ScrollView/android.view.ViewGroup/android.view.ViewGroup/android.view.ViewGroup[7]/android.widget.Switch})
For documentation on this error, please visit: https://www.seleniumhq.org/exceptions/no_such_element.html
Build info: version: '3.141.59', revision: 'e82be7d358', time: '2018-11-14T08:17:03'
System info: host: 'Kamals-MacBook-Pro.local', ip: '2401:4900:599c:5663:d923:21b5:c64d:7b76%en0', os.name: 'Mac OS X', os.arch: 'x86_64', os.version: '13.2.1', java.version: '1.8.0_351'
Driver info: driver.version: AndroidDriver
at io.appium.java_client.pagefactory.bys.builder.ByChained.findElement(ByChained.java:74)
at org.openqa.selenium.remote.RemoteWebDriver.findElement(RemoteWebDriver.java:315)
at io.appium.java_client.DefaultGenericMobileDriver.findElement(DefaultGenericMobileDriver.java:57)
at io.appium.java_client.AppiumDriver.findElement(AppiumDriver.java:1)
at io.appium.java_client.android.AndroidDriver.findElement(AndroidDriver.java:1)
at io.appium.java_client.pagefactory.bys.ContentMappedBy.findElement(ContentMappedBy.java:50)
at org.openqa.selenium.remote.RemoteWebDriver.findElement(RemoteWebDriver.java:315)
at io.appium.java_client.DefaultGenericMobileDriver.findElement(DefaultGenericMobileDriver.java:57)
at io.appium.java_client.AppiumDriver.findElement(AppiumDriver.java:1)
at io.appium.java_client.android.AndroidDriver.findElement(AndroidDriver.java:1)
at io.appium.java_client.pagefactory.AppiumElementLocator.lambda$0(AppiumElementLocator.java:120)
at io.appium.java_client.pagefactory.AppiumElementLocator$WaitingFunction.apply(AppiumElementLocator.java:172)
at io.appium.java_client.pagefactory.AppiumElementLocator$WaitingFunction.apply(AppiumElementLocator.java:1)
at org.openqa.selenium.support.ui.FluentWait.until(FluentWait.java:249)
... 33 more
... Removed 27 stack frames]]>
    </failure>
  </testcase> <!-- aCreateAudioPostTestCase -->
  <testcase name="aSearchCreatorTestCase" time="80.128" classname="Memberse.AndroidAutomation.aSearchCreatorTest"/>
  <testcase name="aFollowCommunityTestCase" time="97.069" classname="Memberse.AndroidAutomation.aFollowAndUnfollowCommunityTest"/>
  <testcase name="aShareCommunityTestCase" time="122.645" classname="Memberse.AndroidAutomation.aShareCommunityTest"/>
  <testcase name="aReportCommunityTestCase" time="90.62" classname="Memberse.AndroidAutomation.aReportCommunityTest"/>
  <testcase name="aJoinCommunityTestCase" time="127.543" classname="Memberse.AndroidAutomation.aJoinCommunityTest"/>
  <testcase name="aDonationTestCase" time="116.516" classname="Memberse.AndroidAutomation.aDonationTest"/>
  <testcase name="aViewTextPostTestCase" time="84.457" classname="Memberse.AndroidAutomation.aViewTextPostTest"/>
  <testcase name="aViewPhotoPostTestCase" time="76.637" classname="Memberse.AndroidAutomation.aViewPhotoPostTest"/>
  <testcase name="aPlayVideoPostTestCase" time="80.262" classname="Memberse.AndroidAutomation.aPlayVideoPostTest"/>
  <testcase name="aPlayAudioPostTestCase" time="76.85" classname="Memberse.AndroidAutomation.aPlayAudioPostTest"/>
  <testcase name="aReportPostTestCase" time="72.553" classname="Memberse.AndroidAutomation.aReportPostTest"/>
  <testcase name="aSharePostTestCase" time="96.59" classname="Memberse.AndroidAutomation.aSharePostTest"/>
  <testcase name="aLikePostTestCase" time="79.103" classname="Memberse.AndroidAutomation.aLikePostTest"/>
  <testcase name="aCommentOnPostTestCase" time="78.945" classname="Memberse.AndroidAutomation.aCommentOnPostTest"/>
  <testcase name="aCommunityTabsTestCase" time="123.811" classname="Memberse.AndroidAutomation.aCommunityTabsTest"/>
  <testcase name="aManageMyCommunityTestCase" time="86.773" classname="Memberse.AndroidAutomation.aCommunityEditInfoTest">
    <failure type="org.openqa.selenium.NoSuchElementException" message="Can&amp;apos;t locate an element by this strategy: By.chained({By.xpath: //android.widget.TextView[@text=&amp;apos;Save&amp;apos;]})">
      <![CDATA[org.openqa.selenium.NoSuchElementException: Can't locate an element by this strategy: By.chained({By.xpath: //android.widget.TextView[@text='Save']})
at io.appium.java_client.pagefactory.AppiumElementLocator.findElement(AppiumElementLocator.java:126)
at io.appium.java_client.pagefactory.interceptors.InterceptorOfASingleElement.intercept(InterceptorOfASingleElement.java:59)
at io.appium.java_client.android.AndroidElement$$EnhancerByCGLIB$$b598166c.click(<generated>)
at Memberse.AndroidAutomation.aCommunityEditInfoTest.aManageMyCommunityTestCase(aCommunityEditInfoTest.java:58)
at java.util.ArrayList.forEach(ArrayList.java:1259)
Caused by: org.openqa.selenium.TimeoutException: Expected condition failed: waiting for io.appium.java_client.pagefactory.AppiumElementLocator$WaitingFunction@39a09c0 (tried for 1 second(s) with 500 milliseconds interval)
at org.openqa.selenium.support.ui.FluentWait.timeoutException(FluentWait.java:304)
at org.openqa.selenium.support.ui.FluentWait.until(FluentWait.java:272)
at io.appium.java_client.pagefactory.AppiumElementLocator.waitFor(AppiumElementLocator.java:99)
at io.appium.java_client.pagefactory.AppiumElementLocator.findElement(AppiumElementLocator.java:119)
... 31 more
Caused by: org.openqa.selenium.NoSuchElementException: Cannot locate an element using By.chained({By.xpath: //android.widget.TextView[@text='Save']})
For documentation on this error, please visit: https://www.seleniumhq.org/exceptions/no_such_element.html
Build info: version: '3.141.59', revision: 'e82be7d358', time: '2018-11-14T08:17:03'
System info: host: 'Kamals-MacBook-Pro.local', ip: '2401:4900:599c:5663:d923:21b5:c64d:7b76%en0', os.name: 'Mac OS X', os.arch: 'x86_64', os.version: '13.2.1', java.version: '1.8.0_351'
Driver info: driver.version: AndroidDriver
at io.appium.java_client.pagefactory.bys.builder.ByChained.findElement(ByChained.java:74)
at org.openqa.selenium.remote.RemoteWebDriver.findElement(RemoteWebDriver.java:315)
at io.appium.java_client.DefaultGenericMobileDriver.findElement(DefaultGenericMobileDriver.java:57)
at io.appium.java_client.AppiumDriver.findElement(AppiumDriver.java:1)
at io.appium.java_client.android.AndroidDriver.findElement(AndroidDriver.java:1)
at io.appium.java_client.pagefactory.bys.ContentMappedBy.findElement(ContentMappedBy.java:50)
at org.openqa.selenium.remote.RemoteWebDriver.findElement(RemoteWebDriver.java:315)
at io.appium.java_client.DefaultGenericMobileDriver.findElement(DefaultGenericMobileDriver.java:57)
at io.appium.java_client.AppiumDriver.findElement(AppiumDriver.java:1)
at io.appium.java_client.android.AndroidDriver.findElement(AndroidDriver.java:1)
at io.appium.java_client.pagefactory.AppiumElementLocator.lambda$0(AppiumElementLocator.java:120)
at io.appium.java_client.pagefactory.AppiumElementLocator$WaitingFunction.apply(AppiumElementLocator.java:172)
at io.appium.java_client.pagefactory.AppiumElementLocator$WaitingFunction.apply(AppiumElementLocator.java:1)
at org.openqa.selenium.support.ui.FluentWait.until(FluentWait.java:249)
... 33 more
... Removed 27 stack frames]]>
    </failure>
  </testcase> <!-- aManageMyCommunityTestCase -->
  <testcase name="aCommunityPriceTestCase" time="77.34" classname="Memberse.AndroidAutomation.aCommunityPriceTest"/>
  <testcase name="aStripeConnectionTestCase" time="184.061" classname="Memberse.AndroidAutomation.aStripeConnectionTest"/>
  <testcase name="aPostHistoryPlayTestCase" time="88.259" classname="Memberse.AndroidAutomation.aPostHistoryPlayTest"/>
  <testcase name="aPostHistoryPostEditTestCase" time="88.947" classname="Memberse.AndroidAutomation.aPostHistoryEditTest"/>
  <testcase name="aPostHistoryDeleteTestCase" time="82.159" classname="Memberse.AndroidAutomation.aPostHistoryDeleteTest"/>
  <testcase name="aCreatePlaylistTestCase" time="137.862" classname="Memberse.AndroidAutomation.aCreatePlaylistTest"/>
  <testcase name="aAddMediaAndPlayPlaylistTestCase" time="176.529" classname="Memberse.AndroidAutomation.aAddMediaAndPlayPlaylistTest">
    <failure type="java.lang.AssertionError" message="expected [kqatestc3&amp;apos;s Community] but found [Autolist-3211]">
      <![CDATA[java.lang.AssertionError: expected [kqatestc3's Community] but found [Autolist-3211]
at Memberse.AndroidAutomation.aAddMediaAndPlayPlaylistTest.aAddMediaAndPlayPlaylistTestCase(aAddMediaAndPlayPlaylistTest.java:123)
at java.util.ArrayList.forEach(ArrayList.java:1259)
... Removed 33 stack frames]]>
    </failure>
  </testcase> <!-- aAddMediaAndPlayPlaylistTestCase -->
  <testcase name="aPlaylistEditTestCase" time="183.137" classname="Memberse.AndroidAutomation.aPlaylistEditTest"/>
  <testcase name="aMyFansListTestCase" time="73.151" classname="Memberse.AndroidAutomation.aMyFansListTest"/>
  <testcase name="aUserInfoTestCase" time="84.167" classname="Memberse.AndroidAutomation.aMemberInfoTest"/>
  <testcase name="aMembershipsTestCase" time="92.723" classname="Memberse.AndroidAutomation.aMembershipsTest"/>
  <testcase name="aWatchedHistoryTestCase" time="84.204" classname="Memberse.AndroidAutomation.aWatchedHistoryTest"/>
  <testcase name="aLanguageTestCase" time="75.361" classname="Memberse.AndroidAutomation.aLanguageTest"/>
  <testcase name="aBecomeCreatorTestCase" time="83.835" classname="Memberse.AndroidAutomation.aBecomeCreatorTest"/>
  <testcase name="@AfterTest stopService" time="0.0" classname="SoFaDog.AndroidAutomation.Base">
    <ignored/>
  </testcase> <!-- @AfterTest stopService -->
  <testcase name="@AfterTest stopService" time="0.0" classname="SoFaDog.AndroidAutomation.Base">
    <ignored/>
  </testcase> <!-- @AfterTest stopService -->
  <testcase name="@AfterTest stopService" time="0.0" classname="SoFaDog.AndroidAutomation.Base">
    <ignored/>
  </testcase> <!-- @AfterTest stopService -->
  <testcase name="@AfterTest stopService" time="0.0" classname="SoFaDog.AndroidAutomation.Base">
    <ignored/>
  </testcase> <!-- @AfterTest stopService -->
  <testcase name="@AfterTest stopService" time="0.0" classname="SoFaDog.AndroidAutomation.Base">
    <ignored/>
  </testcase> <!-- @AfterTest stopService -->
  <testcase name="@AfterTest stopService" time="0.0" classname="SoFaDog.AndroidAutomation.Base">
    <ignored/>
  </testcase> <!-- @AfterTest stopService -->
  <testcase name="@AfterTest stopService" time="0.0" classname="SoFaDog.AndroidAutomation.Base">
    <ignored/>
  </testcase> <!-- @AfterTest stopService -->
  <testcase name="@AfterTest stopService" time="0.0" classname="SoFaDog.AndroidAutomation.Base">
    <ignored/>
  </testcase> <!-- @AfterTest stopService -->
  <testcase name="@AfterTest stopService" time="0.0" classname="SoFaDog.AndroidAutomation.Base">
    <ignored/>
  </testcase> <!-- @AfterTest stopService -->
  <testcase name="@AfterTest stopService" time="0.0" classname="SoFaDog.AndroidAutomation.Base">
    <ignored/>
  </testcase> <!-- @AfterTest stopService -->
  <testcase name="@AfterTest stopService" time="0.0" classname="SoFaDog.AndroidAutomation.Base">
    <ignored/>
  </testcase> <!-- @AfterTest stopService -->
  <testcase name="@AfterTest stopService" time="0.0" classname="SoFaDog.AndroidAutomation.Base">
    <ignored/>
  </testcase> <!-- @AfterTest stopService -->
  <testcase name="@AfterTest stopService" time="0.0" classname="SoFaDog.AndroidAutomation.Base">
    <ignored/>
  </testcase> <!-- @AfterTest stopService -->
  <testcase name="@AfterTest stopService" time="0.0" classname="SoFaDog.AndroidAutomation.Base">
    <ignored/>
  </testcase> <!-- @AfterTest stopService -->
  <testcase name="@AfterTest stopService" time="0.0" classname="SoFaDog.AndroidAutomation.Base">
    <ignored/>
  </testcase> <!-- @AfterTest stopService -->
  <testcase name="@AfterTest stopService" time="0.0" classname="SoFaDog.AndroidAutomation.Base">
    <ignored/>
  </testcase> <!-- @AfterTest stopService -->
  <testcase name="@AfterTest stopService" time="0.0" classname="SoFaDog.AndroidAutomation.Base">
    <ignored/>
  </testcase> <!-- @AfterTest stopService -->
  <testcase name="@AfterTest stopService" time="0.0" classname="SoFaDog.AndroidAutomation.Base">
    <ignored/>
  </testcase> <!-- @AfterTest stopService -->
  <testcase name="@AfterTest stopService" time="0.0" classname="SoFaDog.AndroidAutomation.Base">
    <ignored/>
  </testcase> <!-- @AfterTest stopService -->
  <testcase name="@AfterTest stopService" time="0.0" classname="SoFaDog.AndroidAutomation.Base">
    <ignored/>
  </testcase> <!-- @AfterTest stopService -->
  <testcase name="@AfterTest stopService" time="0.0" classname="SoFaDog.AndroidAutomation.Base">
    <ignored/>
  </testcase> <!-- @AfterTest stopService -->
  <testcase name="@AfterTest stopService" time="0.0" classname="SoFaDog.AndroidAutomation.Base">
    <ignored/>
  </testcase> <!-- @AfterTest stopService -->
  <testcase name="@AfterTest stopService" time="0.0" classname="SoFaDog.AndroidAutomation.Base">
    <ignored/>
  </testcase> <!-- @AfterTest stopService -->
  <testcase name="@AfterTest stopService" time="0.0" classname="SoFaDog.AndroidAutomation.Base">
    <ignored/>
  </testcase> <!-- @AfterTest stopService -->
  <testcase name="@AfterTest stopService" time="0.0" classname="SoFaDog.AndroidAutomation.Base">
    <ignored/>
  </testcase> <!-- @AfterTest stopService -->
  <testcase name="@AfterTest stopService" time="0.0" classname="SoFaDog.AndroidAutomation.Base">
    <ignored/>
  </testcase> <!-- @AfterTest stopService -->
  <testcase name="@AfterTest stopService" time="0.0" classname="SoFaDog.AndroidAutomation.Base">
    <ignored/>
  </testcase> <!-- @AfterTest stopService -->
  <testcase name="@AfterTest stopService" time="0.0" classname="SoFaDog.AndroidAutomation.Base">
    <ignored/>
  </testcase> <!-- @AfterTest stopService -->
  <testcase name="@AfterTest stopService" time="0.0" classname="SoFaDog.AndroidAutomation.Base">
    <ignored/>
  </testcase> <!-- @AfterTest stopService -->
  <testcase name="@AfterTest stopService" time="0.0" classname="SoFaDog.AndroidAutomation.Base">
    <ignored/>
  </testcase> <!-- @AfterTest stopService -->
  <testcase name="@AfterTest stopService" time="0.0" classname="SoFaDog.AndroidAutomation.Base">
    <ignored/>
  </testcase> <!-- @AfterTest stopService -->
  <testcase name="@AfterTest stopService" time="0.0" classname="SoFaDog.AndroidAutomation.Base">
    <ignored/>
  </testcase> <!-- @AfterTest stopService -->
  <testcase name="@AfterTest stopService" time="0.0" classname="SoFaDog.AndroidAutomation.Base">
    <ignored/>
  </testcase> <!-- @AfterTest stopService -->
  <testcase name="@AfterTest stopService" time="0.0" classname="SoFaDog.AndroidAutomation.Base">
    <ignored/>
  </testcase> <!-- @AfterTest stopService -->
  <testcase name="@AfterTest stopService" time="0.0" classname="SoFaDog.AndroidAutomation.Base">
    <ignored/>
  </testcase> <!-- @AfterTest stopService -->
  <testcase name="@AfterTest stopService" time="0.0" classname="SoFaDog.AndroidAutomation.Base">
    <ignored/>
  </testcase> <!-- @AfterTest stopService -->
  <testcase name="@AfterTest stopService" time="0.0" classname="SoFaDog.AndroidAutomation.Base">
    <ignored/>
  </testcase> <!-- @AfterTest stopService -->
  <testcase name="@AfterTest stopService" time="0.0" classname="SoFaDog.AndroidAutomation.Base">
    <ignored/>
  </testcase> <!-- @AfterTest stopService -->
  <testcase name="@AfterTest stopService" time="0.0" classname="SoFaDog.AndroidAutomation.Base">
    <ignored/>
  </testcase> <!-- @AfterTest stopService -->
  <testcase name="@AfterTest stopService" time="0.0" classname="SoFaDog.AndroidAutomation.Base">
    <ignored/>
  </testcase> <!-- @AfterTest stopService -->
  <testcase name="@AfterTest stopService" time="0.0" classname="SoFaDog.AndroidAutomation.Base">
    <ignored/>
  </testcase> <!-- @AfterTest stopService -->
  <testcase name="@AfterTest stopService" time="0.0" classname="SoFaDog.AndroidAutomation.Base">
    <ignored/>
  </testcase> <!-- @AfterTest stopService -->
  <testcase name="@AfterTest stopService" time="0.0" classname="SoFaDog.AndroidAutomation.Base">
    <ignored/>
  </testcase> <!-- @AfterTest stopService -->
  <testcase name="@AfterTest stopService" time="0.0" classname="SoFaDog.AndroidAutomation.Base">
    <ignored/>
  </testcase> <!-- @AfterTest stopService -->
  <testcase name="@AfterTest stopService" time="0.0" classname="SoFaDog.AndroidAutomation.Base">
    <ignored/>
  </testcase> <!-- @AfterTest stopService -->
  <testcase name="@AfterTest stopService" time="0.0" classname="SoFaDog.AndroidAutomation.Base">
    <ignored/>
  </testcase> <!-- @AfterTest stopService -->
  <testcase name="@AfterTest stopService" time="0.0" classname="SoFaDog.AndroidAutomation.Base">
    <ignored/>
  </testcase> <!-- @AfterTest stopService -->
  <testcase name="@BeforeTest startService" time="0.0" classname="SoFaDog.AndroidAutomation.Base">
    <ignored/>
  </testcase> <!-- @BeforeTest startService -->
  <testcase name="@BeforeTest startService" time="0.0" classname="SoFaDog.AndroidAutomation.Base">
    <ignored/>
  </testcase> <!-- @BeforeTest startService -->
  <testcase name="@BeforeTest startService" time="0.0" classname="SoFaDog.AndroidAutomation.Base">
    <ignored/>
  </testcase> <!-- @BeforeTest startService -->
  <testcase name="@BeforeTest startService" time="0.0" classname="SoFaDog.AndroidAutomation.Base">
    <ignored/>
  </testcase> <!-- @BeforeTest startService -->
  <testcase name="@BeforeTest startService" time="0.0" classname="SoFaDog.AndroidAutomation.Base">
    <ignored/>
  </testcase> <!-- @BeforeTest startService -->
  <testcase name="@BeforeTest startService" time="0.0" classname="SoFaDog.AndroidAutomation.Base">
    <ignored/>
  </testcase> <!-- @BeforeTest startService -->
  <testcase name="@BeforeTest startService" time="0.0" classname="SoFaDog.AndroidAutomation.Base">
    <ignored/>
  </testcase> <!-- @BeforeTest startService -->
  <testcase name="@BeforeTest startService" time="0.0" classname="SoFaDog.AndroidAutomation.Base">
    <ignored/>
  </testcase> <!-- @BeforeTest startService -->
  <testcase name="@BeforeTest startService" time="0.0" classname="SoFaDog.AndroidAutomation.Base">
    <ignored/>
  </testcase> <!-- @BeforeTest startService -->
  <testcase name="@BeforeTest startService" time="0.0" classname="SoFaDog.AndroidAutomation.Base">
    <ignored/>
  </testcase> <!-- @BeforeTest startService -->
  <testcase name="@BeforeTest startService" time="0.0" classname="SoFaDog.AndroidAutomation.Base">
    <ignored/>
  </testcase> <!-- @BeforeTest startService -->
  <testcase name="@BeforeTest startService" time="0.0" classname="SoFaDog.AndroidAutomation.Base">
    <ignored/>
  </testcase> <!-- @BeforeTest startService -->
  <testcase name="@BeforeTest startService" time="0.0" classname="SoFaDog.AndroidAutomation.Base">
    <ignored/>
  </testcase> <!-- @BeforeTest startService -->
  <testcase name="@BeforeTest startService" time="0.0" classname="SoFaDog.AndroidAutomation.Base">
    <ignored/>
  </testcase> <!-- @BeforeTest startService -->
  <testcase name="@BeforeTest startService" time="0.0" classname="SoFaDog.AndroidAutomation.Base">
    <ignored/>
  </testcase> <!-- @BeforeTest startService -->
  <testcase name="@BeforeTest startService" time="0.0" classname="SoFaDog.AndroidAutomation.Base">
    <ignored/>
  </testcase> <!-- @BeforeTest startService -->
  <testcase name="@BeforeTest startService" time="0.0" classname="SoFaDog.AndroidAutomation.Base">
    <ignored/>
  </testcase> <!-- @BeforeTest startService -->
  <testcase name="@BeforeTest startService" time="0.0" classname="SoFaDog.AndroidAutomation.Base">
    <ignored/>
  </testcase> <!-- @BeforeTest startService -->
  <testcase name="@BeforeTest startService" time="0.0" classname="SoFaDog.AndroidAutomation.Base">
    <ignored/>
  </testcase> <!-- @BeforeTest startService -->
  <testcase name="@BeforeTest startService" time="0.0" classname="SoFaDog.AndroidAutomation.Base">
    <ignored/>
  </testcase> <!-- @BeforeTest startService -->
  <testcase name="@BeforeTest startService" time="0.0" classname="SoFaDog.AndroidAutomation.Base">
    <ignored/>
  </testcase> <!-- @BeforeTest startService -->
  <testcase name="@BeforeTest startService" time="0.0" classname="SoFaDog.AndroidAutomation.Base">
    <ignored/>
  </testcase> <!-- @BeforeTest startService -->
  <testcase name="@BeforeTest startService" time="0.0" classname="SoFaDog.AndroidAutomation.Base">
    <ignored/>
  </testcase> <!-- @BeforeTest startService -->
  <testcase name="@BeforeTest startService" time="0.0" classname="SoFaDog.AndroidAutomation.Base">
    <ignored/>
  </testcase> <!-- @BeforeTest startService -->
  <testcase name="@BeforeTest startService" time="0.0" classname="SoFaDog.AndroidAutomation.Base">
    <ignored/>
  </testcase> <!-- @BeforeTest startService -->
  <testcase name="@BeforeTest startService" time="0.0" classname="SoFaDog.AndroidAutomation.Base">
    <ignored/>
  </testcase> <!-- @BeforeTest startService -->
  <testcase name="@BeforeTest startService" time="0.0" classname="SoFaDog.AndroidAutomation.Base">
    <ignored/>
  </testcase> <!-- @BeforeTest startService -->
  <testcase name="@BeforeTest startService" time="0.0" classname="SoFaDog.AndroidAutomation.Base">
    <ignored/>
  </testcase> <!-- @BeforeTest startService -->
  <testcase name="@BeforeTest startService" time="0.0" classname="SoFaDog.AndroidAutomation.Base">
    <ignored/>
  </testcase> <!-- @BeforeTest startService -->
  <testcase name="@BeforeTest startService" time="0.0" classname="SoFaDog.AndroidAutomation.Base">
    <ignored/>
  </testcase> <!-- @BeforeTest startService -->
  <testcase name="@BeforeTest startService" time="0.0" classname="SoFaDog.AndroidAutomation.Base">
    <ignored/>
  </testcase> <!-- @BeforeTest startService -->
  <testcase name="@BeforeTest startService" time="0.0" classname="SoFaDog.AndroidAutomation.Base">
    <ignored/>
  </testcase> <!-- @BeforeTest startService -->
  <testcase name="@BeforeTest startService" time="0.0" classname="SoFaDog.AndroidAutomation.Base">
    <ignored/>
  </testcase> <!-- @BeforeTest startService -->
  <testcase name="@BeforeTest startService" time="0.0" classname="SoFaDog.AndroidAutomation.Base">
    <ignored/>
  </testcase> <!-- @BeforeTest startService -->
  <testcase name="@BeforeTest startService" time="0.0" classname="SoFaDog.AndroidAutomation.Base">
    <ignored/>
  </testcase> <!-- @BeforeTest startService -->
  <testcase name="@BeforeTest startService" time="0.0" classname="SoFaDog.AndroidAutomation.Base">
    <ignored/>
  </testcase> <!-- @BeforeTest startService -->
  <testcase name="@BeforeTest startService" time="0.0" classname="SoFaDog.AndroidAutomation.Base">
    <ignored/>
  </testcase> <!-- @BeforeTest startService -->
  <testcase name="@BeforeTest startService" time="0.0" classname="SoFaDog.AndroidAutomation.Base">
    <ignored/>
  </testcase> <!-- @BeforeTest startService -->
  <testcase name="@BeforeTest startService" time="0.0" classname="SoFaDog.AndroidAutomation.Base">
    <ignored/>
  </testcase> <!-- @BeforeTest startService -->
  <testcase name="@BeforeTest startService" time="0.0" classname="SoFaDog.AndroidAutomation.Base">
    <ignored/>
  </testcase> <!-- @BeforeTest startService -->
  <testcase name="@BeforeTest startService" time="0.0" classname="SoFaDog.AndroidAutomation.Base">
    <ignored/>
  </testcase> <!-- @BeforeTest startService -->
  <testcase name="@BeforeTest startService" time="0.0" classname="SoFaDog.AndroidAutomation.Base">
    <ignored/>
  </testcase> <!-- @BeforeTest startService -->
  <testcase name="@BeforeTest startService" time="0.0" classname="SoFaDog.AndroidAutomation.Base">
    <ignored/>
  </testcase> <!-- @BeforeTest startService -->
  <testcase name="@BeforeTest startService" time="0.0" classname="SoFaDog.AndroidAutomation.Base">
    <ignored/>
  </testcase> <!-- @BeforeTest startService -->
  <testcase name="@BeforeTest startService" time="0.0" classname="SoFaDog.AndroidAutomation.Base">
    <ignored/>
  </testcase> <!-- @BeforeTest startService -->
  <testcase name="@BeforeTest startService" time="0.0" classname="SoFaDog.AndroidAutomation.Base">
    <ignored/>
  </testcase> <!-- @BeforeTest startService -->
  <testcase name="@BeforeTest startService" time="0.0" classname="SoFaDog.AndroidAutomation.Base">
    <ignored/>
  </testcase> <!-- @BeforeTest startService -->
</testsuite> <!-- Test -->
