<?xml version="1.0" encoding="UTF-8"?>
<testng-results skipped="0" failed="3" ignored="12" total="19" passed="4">
  <reporter-output>
  </reporter-output>
  <suite name="Suite" duration-ms="965454" started-at="2022-06-07T22:22:00 IST" finished-at="2022-06-07T22:38:05 IST">
    <groups>
    </groups>
    <test name="Test" duration-ms="965454" started-at="2022-06-07T22:22:00 IST" finished-at="2022-06-07T22:38:05 IST">
      <class name="SoFaDog.AndroidAutomation.DeleteAccountTest">
        <test-method status="PASS" signature="startDriver()[pri:0, instance:SoFaDog.AndroidAutomation.DeleteAccountTest@52feb982]" name="startDriver" is-config="true" duration-ms="11941" started-at="2022-06-07T22:36:32 IST" finished-at="2022-06-07T22:36:44 IST">
          <reporter-output>
          </reporter-output>
        </test-method> <!-- startDriver -->
        <test-method status="FAIL" signature="DeleteAccountTestCase()[pri:0, instance:SoFaDog.AndroidAutomation.DeleteAccountTest@52feb982]" name="DeleteAccountTestCase" duration-ms="69330" started-at="2022-06-07T22:36:44 IST" finished-at="2022-06-07T22:37:53 IST">
          <exception class="org.openqa.selenium.NoSuchElementException">
            <message>
              <![CDATA[Can't locate an element by this strategy: By.chained({By.xpath: //android.widget.TextView[@text='Maybe later']})]]>
            </message>
            <full-stacktrace>
              <![CDATA[org.openqa.selenium.NoSuchElementException: Can't locate an element by this strategy: By.chained({By.xpath: //android.widget.TextView[@text='Maybe later']})
at io.appium.java_client.pagefactory.AppiumElementLocator.findElement(AppiumElementLocator.java:126)
at io.appium.java_client.pagefactory.interceptors.InterceptorOfASingleElement.intercept(InterceptorOfASingleElement.java:59)
at io.appium.java_client.android.AndroidElement$$EnhancerByCGLIB$$b598166c.getText(<generated>)
at SoFaDog.AndroidAutomation.WidgetSwipeTest.WidgetSwipeTestCase(WidgetSwipeTest.java:37)
at SoFaDog.AndroidAutomation.DeleteAccountTest.DeleteAccountTestCase(DeleteAccountTest.java:20)
at sun.reflect.NativeMethodAccessorImpl.invoke0(Native Method)
at sun.reflect.NativeMethodAccessorImpl.invoke(NativeMethodAccessorImpl.java:62)
at sun.reflect.DelegatingMethodAccessorImpl.invoke(DelegatingMethodAccessorImpl.java:43)
at java.lang.reflect.Method.invoke(Method.java:498)
at org.testng.internal.MethodInvocationHelper.invokeMethod(MethodInvocationHelper.java:132)
at org.testng.internal.TestInvoker.invokeMethod(TestInvoker.java:599)
at org.testng.internal.TestInvoker.invokeTestMethod(TestInvoker.java:174)
at org.testng.internal.MethodRunner.runInSequence(MethodRunner.java:46)
at org.testng.internal.TestInvoker$MethodInvocationAgent.invoke(TestInvoker.java:822)
at org.testng.internal.TestInvoker.invokeTestMethods(TestInvoker.java:147)
at org.testng.internal.TestMethodWorker.invokeTestMethods(TestMethodWorker.java:146)
at org.testng.internal.TestMethodWorker.run(TestMethodWorker.java:128)
at java.util.ArrayList.forEach(ArrayList.java:1259)
at org.testng.TestRunner.privateRun(TestRunner.java:764)
at org.testng.TestRunner.run(TestRunner.java:585)
at org.testng.SuiteRunner.runTest(SuiteRunner.java:384)
at org.testng.SuiteRunner.runSequentially(SuiteRunner.java:378)
at org.testng.SuiteRunner.privateRun(SuiteRunner.java:337)
at org.testng.SuiteRunner.run(SuiteRunner.java:286)
at org.testng.SuiteRunnerWorker.runSuite(SuiteRunnerWorker.java:53)
at org.testng.SuiteRunnerWorker.run(SuiteRunnerWorker.java:96)
at org.testng.TestNG.runSuitesSequentially(TestNG.java:1218)
at org.testng.TestNG.runSuitesLocally(TestNG.java:1140)
at org.testng.TestNG.runSuites(TestNG.java:1069)
at org.testng.TestNG.run(TestNG.java:1037)
at org.apache.maven.surefire.testng.TestNGExecutor.run(TestNGExecutor.java:284)
at org.apache.maven.surefire.testng.TestNGXmlTestSuite.execute(TestNGXmlTestSuite.java:75)
at org.apache.maven.surefire.testng.TestNGProvider.invoke(TestNGProvider.java:119)
at org.apache.maven.surefire.booter.ForkedBooter.runSuitesInProcess(ForkedBooter.java:428)
at org.apache.maven.surefire.booter.ForkedBooter.execute(ForkedBooter.java:162)
at org.apache.maven.surefire.booter.ForkedBooter.run(ForkedBooter.java:562)
at org.apache.maven.surefire.booter.ForkedBooter.main(ForkedBooter.java:548)
Caused by: org.openqa.selenium.TimeoutException: Expected condition failed: waiting for io.appium.java_client.pagefactory.AppiumElementLocator$WaitingFunction@102d92c4 (tried for 1 second(s) with 500 milliseconds interval)
at org.openqa.selenium.support.ui.FluentWait.timeoutException(FluentWait.java:304)
at org.openqa.selenium.support.ui.FluentWait.until(FluentWait.java:272)
at io.appium.java_client.pagefactory.AppiumElementLocator.waitFor(AppiumElementLocator.java:99)
at io.appium.java_client.pagefactory.AppiumElementLocator.findElement(AppiumElementLocator.java:119)
... 36 more
Caused by: org.openqa.selenium.NoSuchElementException: Cannot locate an element using By.chained({By.xpath: //android.widget.TextView[@text='Maybe later']})
For documentation on this error, please visit: https://www.seleniumhq.org/exceptions/no_such_element.html
Build info: version: '3.141.59', revision: 'e82be7d358', time: '2018-11-14T08:17:03'
System info: host: 'Kamals-MacBook-Pro.local', ip: '2401:4900:4707:863b:7d87:a931:d239:a3d2%en0', os.name: 'Mac OS X', os.arch: 'x86_64', os.version: '10.16', java.version: '1.8.0_292'
Driver info: driver.version: AndroidDriver
at io.appium.java_client.pagefactory.bys.builder.ByChained.findElement(ByChained.java:74)
at org.openqa.selenium.remote.RemoteWebDriver.findElement(RemoteWebDriver.java:315)
at io.appium.java_client.DefaultGenericMobileDriver.findElement(DefaultGenericMobileDriver.java:57)
at io.appium.java_client.AppiumDriver.findElement(AppiumDriver.java:1)
at io.appium.java_client.android.AndroidDriver.findElement(AndroidDriver.java:1)
at io.appium.java_client.pagefactory.bys.ContentMappedBy.findElement(ContentMappedBy.java:50)
at org.openqa.selenium.remote.RemoteWebDriver.findElement(RemoteWebDriver.java:315)
at io.appium.java_client.DefaultGenericMobileDriver.findElement(DefaultGenericMobileDriver.java:57)
at io.appium.java_client.AppiumDriver.findElement(AppiumDriver.java:1)
at io.appium.java_client.android.AndroidDriver.findElement(AndroidDriver.java:1)
at io.appium.java_client.pagefactory.AppiumElementLocator.lambda$0(AppiumElementLocator.java:120)
at io.appium.java_client.pagefactory.AppiumElementLocator$WaitingFunction.apply(AppiumElementLocator.java:172)
at io.appium.java_client.pagefactory.AppiumElementLocator$WaitingFunction.apply(AppiumElementLocator.java:1)
at org.openqa.selenium.support.ui.FluentWait.until(FluentWait.java:249)
... 38 more
]]>
            </full-stacktrace>
          </exception> <!-- org.openqa.selenium.NoSuchElementException -->
          <reporter-output>
          </reporter-output>
        </test-method> <!-- DeleteAccountTestCase -->
        <test-method status="PASS" signature="beforeMethod()[pri:0, instance:SoFaDog.AndroidAutomation.DeleteAccountTest@52feb982]" name="beforeMethod" is-config="true" duration-ms="0" started-at="2022-06-07T22:36:44 IST" finished-at="2022-06-07T22:36:44 IST">
          <reporter-output>
          </reporter-output>
        </test-method> <!-- beforeMethod -->
        <test-method status="PASS" signature="afterMethod()[pri:0, instance:SoFaDog.AndroidAutomation.DeleteAccountTest@52feb982]" name="afterMethod" is-config="true" duration-ms="0" started-at="2022-06-07T22:37:53 IST" finished-at="2022-06-07T22:37:53 IST">
          <reporter-output>
          </reporter-output>
        </test-method> <!-- afterMethod -->
        <test-method status="PASS" signature="afterClass()[pri:0, instance:SoFaDog.AndroidAutomation.DeleteAccountTest@52feb982]" name="afterClass" is-config="true" duration-ms="10002" started-at="2022-06-07T22:37:53 IST" finished-at="2022-06-07T22:38:03 IST">
          <reporter-output>
          </reporter-output>
        </test-method> <!-- afterClass -->
      </class> <!-- SoFaDog.AndroidAutomation.DeleteAccountTest -->
      <class name="SoFaDog.AndroidAutomation.RegisterTest">
        <test-method status="PASS" signature="startDriver()[pri:0, instance:SoFaDog.AndroidAutomation.RegisterTest@34c4973]" name="startDriver" is-config="true" duration-ms="16910" started-at="2022-06-07T22:34:25 IST" finished-at="2022-06-07T22:34:42 IST">
          <reporter-output>
          </reporter-output>
        </test-method> <!-- startDriver -->
        <test-method status="PASS" signature="beforeMethod()[pri:0, instance:SoFaDog.AndroidAutomation.RegisterTest@34c4973]" name="beforeMethod" is-config="true" duration-ms="1" started-at="2022-06-07T22:34:42 IST" finished-at="2022-06-07T22:34:42 IST">
          <reporter-output>
          </reporter-output>
        </test-method> <!-- beforeMethod -->
        <test-method status="PASS" signature="registerUser()[pri:0, instance:SoFaDog.AndroidAutomation.RegisterTest@34c4973]" name="registerUser" duration-ms="99818" started-at="2022-06-07T22:34:42 IST" finished-at="2022-06-07T22:36:22 IST">
          <reporter-output>
          </reporter-output>
        </test-method> <!-- registerUser -->
        <test-method status="PASS" signature="afterClass()[pri:0, instance:SoFaDog.AndroidAutomation.RegisterTest@34c4973]" name="afterClass" is-config="true" duration-ms="10006" started-at="2022-06-07T22:36:22 IST" finished-at="2022-06-07T22:36:32 IST">
          <reporter-output>
          </reporter-output>
        </test-method> <!-- afterClass -->
        <test-method status="PASS" signature="afterMethod()[pri:0, instance:SoFaDog.AndroidAutomation.RegisterTest@34c4973]" name="afterMethod" is-config="true" duration-ms="0" started-at="2022-06-07T22:36:22 IST" finished-at="2022-06-07T22:36:22 IST">
          <reporter-output>
          </reporter-output>
        </test-method> <!-- afterMethod -->
      </class> <!-- SoFaDog.AndroidAutomation.RegisterTest -->
      <class name="SoFaDog.AndroidAutomation.WidgetSwipeTest">
        <test-method status="PASS" signature="startService()[pri:0, instance:SoFaDog.AndroidAutomation.WidgetSwipeTest@ea1a8d5]" name="startService" is-config="true" duration-ms="11914" started-at="2022-06-07T22:22:00 IST" finished-at="2022-06-07T22:22:12 IST">
          <reporter-output>
          </reporter-output>
        </test-method> <!-- startService -->
        <test-method status="PASS" signature="startDriver()[pri:0, instance:SoFaDog.AndroidAutomation.WidgetSwipeTest@ea1a8d5]" name="startDriver" is-config="true" duration-ms="19471" started-at="2022-06-07T22:22:12 IST" finished-at="2022-06-07T22:22:31 IST">
          <reporter-output>
          </reporter-output>
        </test-method> <!-- startDriver -->
        <test-method status="PASS" signature="beforeMethod()[pri:0, instance:SoFaDog.AndroidAutomation.WidgetSwipeTest@ea1a8d5]" name="beforeMethod" is-config="true" duration-ms="0" started-at="2022-06-07T22:22:31 IST" finished-at="2022-06-07T22:22:31 IST">
          <reporter-output>
          </reporter-output>
        </test-method> <!-- beforeMethod -->
        <test-method status="PASS" signature="WidgetSwipeTestCase()[pri:0, instance:SoFaDog.AndroidAutomation.WidgetSwipeTest@ea1a8d5]" name="WidgetSwipeTestCase" duration-ms="58266" started-at="2022-06-07T22:22:31 IST" finished-at="2022-06-07T22:23:30 IST">
          <reporter-output>
          </reporter-output>
        </test-method> <!-- WidgetSwipeTestCase -->
        <test-method status="PASS" signature="afterMethod()[pri:0, instance:SoFaDog.AndroidAutomation.WidgetSwipeTest@ea1a8d5]" name="afterMethod" is-config="true" duration-ms="1" started-at="2022-06-07T22:23:30 IST" finished-at="2022-06-07T22:23:30 IST">
          <reporter-output>
          </reporter-output>
        </test-method> <!-- afterMethod -->
        <test-method status="PASS" signature="afterClass()[pri:0, instance:SoFaDog.AndroidAutomation.WidgetSwipeTest@ea1a8d5]" name="afterClass" is-config="true" duration-ms="10000" started-at="2022-06-07T22:23:30 IST" finished-at="2022-06-07T22:23:40 IST">
          <reporter-output>
          </reporter-output>
        </test-method> <!-- afterClass -->
        <test-method status="PASS" signature="stopService()[pri:0, instance:SoFaDog.AndroidAutomation.WidgetSwipeTest@ea1a8d5]" name="stopService" is-config="true" duration-ms="2085" started-at="2022-06-07T22:38:03 IST" finished-at="2022-06-07T22:38:05 IST">
          <reporter-output>
          </reporter-output>
        </test-method> <!-- stopService -->
      </class> <!-- SoFaDog.AndroidAutomation.WidgetSwipeTest -->
      <class name="SoFaDog.AndroidAutomation.LogoutTest">
        <test-method status="PASS" signature="startDriver()[pri:0, instance:SoFaDog.AndroidAutomation.LogoutTest@30a3107a]" name="startDriver" is-config="true" duration-ms="10880" started-at="2022-06-07T22:27:46 IST" finished-at="2022-06-07T22:27:57 IST">
          <reporter-output>
          </reporter-output>
        </test-method> <!-- startDriver -->
        <test-method status="FAIL" signature="LogoutTestCase()[pri:0, instance:SoFaDog.AndroidAutomation.LogoutTest@30a3107a]" name="LogoutTestCase" duration-ms="75579" started-at="2022-06-07T22:27:57 IST" finished-at="2022-06-07T22:29:12 IST">
          <exception class="org.openqa.selenium.NoSuchElementException">
            <message>
              <![CDATA[An element could not be located on the page using the given search parameters.
For documentation on this error, please visit: https://www.seleniumhq.org/exceptions/no_such_element.html
Build info: version: '3.141.59', revision: 'e82be7d358', time: '2018-11-14T08:17:03'
System info: host: 'Kamals-MacBook-Pro.local', ip: '2401:4900:4707:863b:7d87:a931:d239:a3d2%en0', os.name: 'Mac OS X', os.arch: 'x86_64', os.version: '10.16', java.version: '1.8.0_292'
Driver info: io.appium.java_client.android.AndroidDriver
Capabilities {app: /Users/kamaljhinjer/Documen..., appPackage: dog.fa.so.app, automationName: uiautomator2, chromedriverExecutable: /Users/kamaljhinjer/Documen..., databaseEnabled: false, desired: {app: /Users/kamaljhinjer/Documen..., automationName: uiautomator2, chromedriverExecutable: /Users/kamaljhinjer/Documen..., deviceName: Emulator_Pixel2XL, newCommandTimeout: 180, platformName: android}, deviceApiLevel: 31, deviceManufacturer: Google, deviceModel: sdk_gphone64_x86_64, deviceName: emulator-5554, deviceScreenDensity: 560, deviceScreenSize: 1440x2880, deviceUDID: emulator-5554, javascriptEnabled: true, locationContextEnabled: false, networkConnectionEnabled: true, newCommandTimeout: 180, pixelRatio: 3.5, platform: LINUX, platformName: Android, platformVersion: 12, statBarHeight: 98, takesScreenshot: true, viewportRect: {height: 2614, left: 0, top: 98, width: 1440}, warnings: {}, webStorageEnabled: false}
Session ID: 45b62214-294b-41c0-a0cc-db2656f2ad87
*** Element info: {Using=xpath, value=//android.widget.EditText[@text='john.doe@email.com']}]]>
            </message>
            <full-stacktrace>
              <![CDATA[org.openqa.selenium.NoSuchElementException: An element could not be located on the page using the given search parameters.
For documentation on this error, please visit: https://www.seleniumhq.org/exceptions/no_such_element.html
Build info: version: '3.141.59', revision: 'e82be7d358', time: '2018-11-14T08:17:03'
System info: host: 'Kamals-MacBook-Pro.local', ip: '2401:4900:4707:863b:7d87:a931:d239:a3d2%en0', os.name: 'Mac OS X', os.arch: 'x86_64', os.version: '10.16', java.version: '1.8.0_292'
Driver info: io.appium.java_client.android.AndroidDriver
Capabilities {app: /Users/kamaljhinjer/Documen..., appPackage: dog.fa.so.app, automationName: uiautomator2, chromedriverExecutable: /Users/kamaljhinjer/Documen..., databaseEnabled: false, desired: {app: /Users/kamaljhinjer/Documen..., automationName: uiautomator2, chromedriverExecutable: /Users/kamaljhinjer/Documen..., deviceName: Emulator_Pixel2XL, newCommandTimeout: 180, platformName: android}, deviceApiLevel: 31, deviceManufacturer: Google, deviceModel: sdk_gphone64_x86_64, deviceName: emulator-5554, deviceScreenDensity: 560, deviceScreenSize: 1440x2880, deviceUDID: emulator-5554, javascriptEnabled: true, locationContextEnabled: false, networkConnectionEnabled: true, newCommandTimeout: 180, pixelRatio: 3.5, platform: LINUX, platformName: Android, platformVersion: 12, statBarHeight: 98, takesScreenshot: true, viewportRect: {height: 2614, left: 0, top: 98, width: 1440}, warnings: {}, webStorageEnabled: false}
Session ID: 45b62214-294b-41c0-a0cc-db2656f2ad87
*** Element info: {Using=xpath, value=//android.widget.EditText[@text='john.doe@email.com']}
at sun.reflect.NativeConstructorAccessorImpl.newInstance0(Native Method)
at sun.reflect.NativeConstructorAccessorImpl.newInstance(NativeConstructorAccessorImpl.java:62)
at sun.reflect.DelegatingConstructorAccessorImpl.newInstance(DelegatingConstructorAccessorImpl.java:45)
at java.lang.reflect.Constructor.newInstance(Constructor.java:423)
at org.openqa.selenium.remote.http.W3CHttpResponseCodec.createException(W3CHttpResponseCodec.java:187)
at org.openqa.selenium.remote.http.W3CHttpResponseCodec.decode(W3CHttpResponseCodec.java:122)
at org.openqa.selenium.remote.http.W3CHttpResponseCodec.decode(W3CHttpResponseCodec.java:49)
at org.openqa.selenium.remote.HttpCommandExecutor.execute(HttpCommandExecutor.java:158)
at io.appium.java_client.remote.AppiumCommandExecutor.execute(AppiumCommandExecutor.java:239)
at org.openqa.selenium.remote.RemoteWebDriver.execute(RemoteWebDriver.java:552)
at io.appium.java_client.DefaultGenericMobileDriver.execute(DefaultGenericMobileDriver.java:41)
at io.appium.java_client.AppiumDriver.execute(AppiumDriver.java:1)
at io.appium.java_client.android.AndroidDriver.execute(AndroidDriver.java:1)
at org.openqa.selenium.remote.RemoteWebDriver.findElement(RemoteWebDriver.java:323)
at io.appium.java_client.DefaultGenericMobileDriver.findElement(DefaultGenericMobileDriver.java:61)
at io.appium.java_client.AppiumDriver.findElement(AppiumDriver.java:1)
at io.appium.java_client.android.AndroidDriver.findElement(AndroidDriver.java:1)
at org.openqa.selenium.remote.RemoteWebDriver.findElementByXPath(RemoteWebDriver.java:428)
at io.appium.java_client.DefaultGenericMobileDriver.findElementByXPath(DefaultGenericMobileDriver.java:151)
at io.appium.java_client.AppiumDriver.findElementByXPath(AppiumDriver.java:1)
at io.appium.java_client.android.AndroidDriver.findElementByXPath(AndroidDriver.java:1)
at SoFaDog.AndroidAutomation.LoginTest.LoginTestCase(LoginTest.java:32)
at SoFaDog.AndroidAutomation.LogoutTest.LogoutTestCase(LogoutTest.java:14)
at sun.reflect.NativeMethodAccessorImpl.invoke0(Native Method)
at sun.reflect.NativeMethodAccessorImpl.invoke(NativeMethodAccessorImpl.java:62)
at sun.reflect.DelegatingMethodAccessorImpl.invoke(DelegatingMethodAccessorImpl.java:43)
at java.lang.reflect.Method.invoke(Method.java:498)
at org.testng.internal.MethodInvocationHelper.invokeMethod(MethodInvocationHelper.java:132)
at org.testng.internal.TestInvoker.invokeMethod(TestInvoker.java:599)
at org.testng.internal.TestInvoker.invokeTestMethod(TestInvoker.java:174)
at org.testng.internal.MethodRunner.runInSequence(MethodRunner.java:46)
at org.testng.internal.TestInvoker$MethodInvocationAgent.invoke(TestInvoker.java:822)
at org.testng.internal.TestInvoker.invokeTestMethods(TestInvoker.java:147)
at org.testng.internal.TestMethodWorker.invokeTestMethods(TestMethodWorker.java:146)
at org.testng.internal.TestMethodWorker.run(TestMethodWorker.java:128)
at java.util.ArrayList.forEach(ArrayList.java:1259)
at org.testng.TestRunner.privateRun(TestRunner.java:764)
at org.testng.TestRunner.run(TestRunner.java:585)
at org.testng.SuiteRunner.runTest(SuiteRunner.java:384)
at org.testng.SuiteRunner.runSequentially(SuiteRunner.java:378)
at org.testng.SuiteRunner.privateRun(SuiteRunner.java:337)
at org.testng.SuiteRunner.run(SuiteRunner.java:286)
at org.testng.SuiteRunnerWorker.runSuite(SuiteRunnerWorker.java:53)
at org.testng.SuiteRunnerWorker.run(SuiteRunnerWorker.java:96)
at org.testng.TestNG.runSuitesSequentially(TestNG.java:1218)
at org.testng.TestNG.runSuitesLocally(TestNG.java:1140)
at org.testng.TestNG.runSuites(TestNG.java:1069)
at org.testng.TestNG.run(TestNG.java:1037)
at org.apache.maven.surefire.testng.TestNGExecutor.run(TestNGExecutor.java:284)
at org.apache.maven.surefire.testng.TestNGXmlTestSuite.execute(TestNGXmlTestSuite.java:75)
at org.apache.maven.surefire.testng.TestNGProvider.invoke(TestNGProvider.java:119)
at org.apache.maven.surefire.booter.ForkedBooter.runSuitesInProcess(ForkedBooter.java:428)
at org.apache.maven.surefire.booter.ForkedBooter.execute(ForkedBooter.java:162)
at org.apache.maven.surefire.booter.ForkedBooter.run(ForkedBooter.java:562)
at org.apache.maven.surefire.booter.ForkedBooter.main(ForkedBooter.java:548)
]]>
            </full-stacktrace>
          </exception> <!-- org.openqa.selenium.NoSuchElementException -->
          <reporter-output>
          </reporter-output>
        </test-method> <!-- LogoutTestCase -->
        <test-method status="PASS" signature="beforeMethod()[pri:0, instance:SoFaDog.AndroidAutomation.LogoutTest@30a3107a]" name="beforeMethod" is-config="true" duration-ms="0" started-at="2022-06-07T22:27:57 IST" finished-at="2022-06-07T22:27:57 IST">
          <reporter-output>
          </reporter-output>
        </test-method> <!-- beforeMethod -->
        <test-method status="PASS" signature="afterMethod()[pri:0, instance:SoFaDog.AndroidAutomation.LogoutTest@30a3107a]" name="afterMethod" is-config="true" duration-ms="0" started-at="2022-06-07T22:29:12 IST" finished-at="2022-06-07T22:29:12 IST">
          <reporter-output>
          </reporter-output>
        </test-method> <!-- afterMethod -->
        <test-method status="PASS" signature="afterClass()[pri:0, instance:SoFaDog.AndroidAutomation.LogoutTest@30a3107a]" name="afterClass" is-config="true" duration-ms="10008" started-at="2022-06-07T22:29:12 IST" finished-at="2022-06-07T22:29:22 IST">
          <reporter-output>
          </reporter-output>
        </test-method> <!-- afterClass -->
      </class> <!-- SoFaDog.AndroidAutomation.LogoutTest -->
      <class name="SoFaDog.AndroidAutomation.SmokeTest">
        <test-method status="PASS" signature="startDriver()[pri:0, instance:SoFaDog.AndroidAutomation.SmokeTest@1563da5]" name="startDriver" is-config="true" duration-ms="13160" started-at="2022-06-07T22:23:40 IST" finished-at="2022-06-07T22:23:53 IST">
          <reporter-output>
          </reporter-output>
        </test-method> <!-- startDriver -->
        <test-method status="PASS" signature="beforeMethod()[pri:0, instance:SoFaDog.AndroidAutomation.SmokeTest@1563da5]" name="beforeMethod" is-config="true" duration-ms="0" started-at="2022-06-07T22:23:53 IST" finished-at="2022-06-07T22:23:53 IST">
          <reporter-output>
          </reporter-output>
        </test-method> <!-- beforeMethod -->
        <test-method status="PASS" signature="SmokeTestCase()[pri:0, instance:SoFaDog.AndroidAutomation.SmokeTest@1563da5]" name="SmokeTestCase" duration-ms="128311" started-at="2022-06-07T22:23:53 IST" finished-at="2022-06-07T22:26:01 IST">
          <reporter-output>
          </reporter-output>
        </test-method> <!-- SmokeTestCase -->
        <test-method status="PASS" signature="afterMethod()[pri:0, instance:SoFaDog.AndroidAutomation.SmokeTest@1563da5]" name="afterMethod" is-config="true" duration-ms="1" started-at="2022-06-07T22:26:01 IST" finished-at="2022-06-07T22:26:01 IST">
          <reporter-output>
          </reporter-output>
        </test-method> <!-- afterMethod -->
        <test-method status="PASS" signature="afterClass()[pri:0, instance:SoFaDog.AndroidAutomation.SmokeTest@1563da5]" name="afterClass" is-config="true" duration-ms="10001" started-at="2022-06-07T22:26:01 IST" finished-at="2022-06-07T22:26:11 IST">
          <reporter-output>
          </reporter-output>
        </test-method> <!-- afterClass -->
      </class> <!-- SoFaDog.AndroidAutomation.SmokeTest -->
      <class name="SoFaDog.AndroidAutomation.EndToEndTest">
        <test-method status="PASS" signature="startDriver()[pri:0, instance:SoFaDog.AndroidAutomation.EndToEndTest@33c7e1bb]" name="startDriver" is-config="true" duration-ms="11318" started-at="2022-06-07T22:29:22 IST" finished-at="2022-06-07T22:29:34 IST">
          <reporter-output>
          </reporter-output>
        </test-method> <!-- startDriver -->
        <test-method status="PASS" signature="EndToEndTestCase()[pri:0, instance:SoFaDog.AndroidAutomation.EndToEndTest@33c7e1bb]" name="EndToEndTestCase" duration-ms="281601" started-at="2022-06-07T22:29:34 IST" finished-at="2022-06-07T22:34:15 IST">
          <reporter-output>
          </reporter-output>
        </test-method> <!-- EndToEndTestCase -->
        <test-method status="PASS" signature="beforeMethod()[pri:0, instance:SoFaDog.AndroidAutomation.EndToEndTest@33c7e1bb]" name="beforeMethod" is-config="true" duration-ms="0" started-at="2022-06-07T22:29:34 IST" finished-at="2022-06-07T22:29:34 IST">
          <reporter-output>
          </reporter-output>
        </test-method> <!-- beforeMethod -->
        <test-method status="PASS" signature="afterMethod()[pri:0, instance:SoFaDog.AndroidAutomation.EndToEndTest@33c7e1bb]" name="afterMethod" is-config="true" duration-ms="1" started-at="2022-06-07T22:34:15 IST" finished-at="2022-06-07T22:34:15 IST">
          <reporter-output>
          </reporter-output>
        </test-method> <!-- afterMethod -->
        <test-method status="PASS" signature="afterClass()[pri:0, instance:SoFaDog.AndroidAutomation.EndToEndTest@33c7e1bb]" name="afterClass" is-config="true" duration-ms="10008" started-at="2022-06-07T22:34:15 IST" finished-at="2022-06-07T22:34:25 IST">
          <reporter-output>
          </reporter-output>
        </test-method> <!-- afterClass -->
      </class> <!-- SoFaDog.AndroidAutomation.EndToEndTest -->
      <class name="SoFaDog.AndroidAutomation.LoginTest">
        <test-method status="PASS" signature="startDriver()[pri:0, instance:SoFaDog.AndroidAutomation.LoginTest@2bbf4b8b]" name="startDriver" is-config="true" duration-ms="15804" started-at="2022-06-07T22:26:11 IST" finished-at="2022-06-07T22:26:27 IST">
          <reporter-output>
          </reporter-output>
        </test-method> <!-- startDriver -->
        <test-method status="PASS" signature="beforeMethod()[pri:0, instance:SoFaDog.AndroidAutomation.LoginTest@2bbf4b8b]" name="beforeMethod" is-config="true" duration-ms="0" started-at="2022-06-07T22:26:27 IST" finished-at="2022-06-07T22:26:27 IST">
          <reporter-output>
          </reporter-output>
        </test-method> <!-- beforeMethod -->
        <test-method status="FAIL" signature="LoginTestCase()[pri:0, instance:SoFaDog.AndroidAutomation.LoginTest@2bbf4b8b]" name="LoginTestCase" duration-ms="68959" started-at="2022-06-07T22:26:27 IST" finished-at="2022-06-07T22:27:36 IST">
          <exception class="org.openqa.selenium.NoSuchElementException">
            <message>
              <![CDATA[Can't locate an element by this strategy: By.chained({By.xpath: //android.widget.TextView[@text='Maybe later']})]]>
            </message>
            <full-stacktrace>
              <![CDATA[org.openqa.selenium.NoSuchElementException: Can't locate an element by this strategy: By.chained({By.xpath: //android.widget.TextView[@text='Maybe later']})
at io.appium.java_client.pagefactory.AppiumElementLocator.findElement(AppiumElementLocator.java:126)
at io.appium.java_client.pagefactory.interceptors.InterceptorOfASingleElement.intercept(InterceptorOfASingleElement.java:59)
at io.appium.java_client.android.AndroidElement$$EnhancerByCGLIB$$b598166c.getText(<generated>)
at SoFaDog.AndroidAutomation.WidgetSwipeTest.WidgetSwipeTestCase(WidgetSwipeTest.java:37)
at SoFaDog.AndroidAutomation.LoginTest.LoginTestCase(LoginTest.java:19)
at sun.reflect.NativeMethodAccessorImpl.invoke0(Native Method)
at sun.reflect.NativeMethodAccessorImpl.invoke(NativeMethodAccessorImpl.java:62)
at sun.reflect.DelegatingMethodAccessorImpl.invoke(DelegatingMethodAccessorImpl.java:43)
at java.lang.reflect.Method.invoke(Method.java:498)
at org.testng.internal.MethodInvocationHelper.invokeMethod(MethodInvocationHelper.java:132)
at org.testng.internal.TestInvoker.invokeMethod(TestInvoker.java:599)
at org.testng.internal.TestInvoker.invokeTestMethod(TestInvoker.java:174)
at org.testng.internal.MethodRunner.runInSequence(MethodRunner.java:46)
at org.testng.internal.TestInvoker$MethodInvocationAgent.invoke(TestInvoker.java:822)
at org.testng.internal.TestInvoker.invokeTestMethods(TestInvoker.java:147)
at org.testng.internal.TestMethodWorker.invokeTestMethods(TestMethodWorker.java:146)
at org.testng.internal.TestMethodWorker.run(TestMethodWorker.java:128)
at java.util.ArrayList.forEach(ArrayList.java:1259)
at org.testng.TestRunner.privateRun(TestRunner.java:764)
at org.testng.TestRunner.run(TestRunner.java:585)
at org.testng.SuiteRunner.runTest(SuiteRunner.java:384)
at org.testng.SuiteRunner.runSequentially(SuiteRunner.java:378)
at org.testng.SuiteRunner.privateRun(SuiteRunner.java:337)
at org.testng.SuiteRunner.run(SuiteRunner.java:286)
at org.testng.SuiteRunnerWorker.runSuite(SuiteRunnerWorker.java:53)
at org.testng.SuiteRunnerWorker.run(SuiteRunnerWorker.java:96)
at org.testng.TestNG.runSuitesSequentially(TestNG.java:1218)
at org.testng.TestNG.runSuitesLocally(TestNG.java:1140)
at org.testng.TestNG.runSuites(TestNG.java:1069)
at org.testng.TestNG.run(TestNG.java:1037)
at org.apache.maven.surefire.testng.TestNGExecutor.run(TestNGExecutor.java:284)
at org.apache.maven.surefire.testng.TestNGXmlTestSuite.execute(TestNGXmlTestSuite.java:75)
at org.apache.maven.surefire.testng.TestNGProvider.invoke(TestNGProvider.java:119)
at org.apache.maven.surefire.booter.ForkedBooter.runSuitesInProcess(ForkedBooter.java:428)
at org.apache.maven.surefire.booter.ForkedBooter.execute(ForkedBooter.java:162)
at org.apache.maven.surefire.booter.ForkedBooter.run(ForkedBooter.java:562)
at org.apache.maven.surefire.booter.ForkedBooter.main(ForkedBooter.java:548)
Caused by: org.openqa.selenium.TimeoutException: Expected condition failed: waiting for io.appium.java_client.pagefactory.AppiumElementLocator$WaitingFunction@3381b4fc (tried for 1 second(s) with 500 milliseconds interval)
at org.openqa.selenium.support.ui.FluentWait.timeoutException(FluentWait.java:304)
at org.openqa.selenium.support.ui.FluentWait.until(FluentWait.java:272)
at io.appium.java_client.pagefactory.AppiumElementLocator.waitFor(AppiumElementLocator.java:99)
at io.appium.java_client.pagefactory.AppiumElementLocator.findElement(AppiumElementLocator.java:119)
... 36 more
Caused by: org.openqa.selenium.NoSuchElementException: Cannot locate an element using By.chained({By.xpath: //android.widget.TextView[@text='Maybe later']})
For documentation on this error, please visit: https://www.seleniumhq.org/exceptions/no_such_element.html
Build info: version: '3.141.59', revision: 'e82be7d358', time: '2018-11-14T08:17:03'
System info: host: 'Kamals-MacBook-Pro.local', ip: '2401:4900:4707:863b:7d87:a931:d239:a3d2%en0', os.name: 'Mac OS X', os.arch: 'x86_64', os.version: '10.16', java.version: '1.8.0_292'
Driver info: driver.version: AndroidDriver
at io.appium.java_client.pagefactory.bys.builder.ByChained.findElement(ByChained.java:74)
at org.openqa.selenium.remote.RemoteWebDriver.findElement(RemoteWebDriver.java:315)
at io.appium.java_client.DefaultGenericMobileDriver.findElement(DefaultGenericMobileDriver.java:57)
at io.appium.java_client.AppiumDriver.findElement(AppiumDriver.java:1)
at io.appium.java_client.android.AndroidDriver.findElement(AndroidDriver.java:1)
at io.appium.java_client.pagefactory.bys.ContentMappedBy.findElement(ContentMappedBy.java:50)
at org.openqa.selenium.remote.RemoteWebDriver.findElement(RemoteWebDriver.java:315)
at io.appium.java_client.DefaultGenericMobileDriver.findElement(DefaultGenericMobileDriver.java:57)
at io.appium.java_client.AppiumDriver.findElement(AppiumDriver.java:1)
at io.appium.java_client.android.AndroidDriver.findElement(AndroidDriver.java:1)
at io.appium.java_client.pagefactory.AppiumElementLocator.lambda$0(AppiumElementLocator.java:120)
at io.appium.java_client.pagefactory.AppiumElementLocator$WaitingFunction.apply(AppiumElementLocator.java:172)
at io.appium.java_client.pagefactory.AppiumElementLocator$WaitingFunction.apply(AppiumElementLocator.java:1)
at org.openqa.selenium.support.ui.FluentWait.until(FluentWait.java:249)
... 38 more
]]>
            </full-stacktrace>
          </exception> <!-- org.openqa.selenium.NoSuchElementException -->
          <reporter-output>
          </reporter-output>
        </test-method> <!-- LoginTestCase -->
        <test-method status="PASS" signature="afterMethod()[pri:0, instance:SoFaDog.AndroidAutomation.LoginTest@2bbf4b8b]" name="afterMethod" is-config="true" duration-ms="0" started-at="2022-06-07T22:27:36 IST" finished-at="2022-06-07T22:27:36 IST">
          <reporter-output>
          </reporter-output>
        </test-method> <!-- afterMethod -->
        <test-method status="PASS" signature="afterClass()[pri:0, instance:SoFaDog.AndroidAutomation.LoginTest@2bbf4b8b]" name="afterClass" is-config="true" duration-ms="10009" started-at="2022-06-07T22:27:36 IST" finished-at="2022-06-07T22:27:46 IST">
          <reporter-output>
          </reporter-output>
        </test-method> <!-- afterClass -->
      </class> <!-- SoFaDog.AndroidAutomation.LoginTest -->
    </test> <!-- Test -->
  </suite> <!-- Suite -->
</testng-results>
