<!DOCTYPE html PUBLIC "-//W3C//DTD XHTML 1.1//EN" "https://www.w3.org/TR/xhtml11/DTD/xhtml11.dtd">
<html xmlns="https://www.w3.org/1999/xhtml">
<head>
<meta http-equiv="content-type" content="text/html; charset=UTF-8"/>
<title>TestNG Report</title>
<style type="text/css">table {margin-bottom:10px;border-collapse:collapse;empty-cells:show}th,td {border:1px solid #009;padding:.25em .5em}th {vertical-align:bottom}td {vertical-align:top}table a {font-weight:bold}.stripe td {background-color: #E6EBF9}.num {text-align:right}.passedodd td {background-color: #3F3}.passedeven td {background-color: #0A0}.skippedodd td {background-color: #DDD}.skippedeven td {background-color: #CCC}.failedodd td,.attn {background-color: #F33}.failedeven td,.stripe .attn {background-color: #D00}.stacktrace {white-space:pre;font-family:monospace}.totop {font-size:85%;text-align:center;border-bottom:2px solid #000}.invisible {display:none}</style>
</head>
<body>
<table>
<tr><th>Test</th><th># Passed</th><th># Skipped</th><th># Retried</th><th># Failed</th><th>Time (ms)</th><th>Included Groups</th><th>Excluded Groups</th></tr>
<tr><th colspan="8">Suite</th></tr>
<tr><td><a href="#t0">Test</a></td><td class="num">40</td><td class="num">0</td><td class="num">0</td><td class="num attn">8</td><td class="num">5,900,356</td><td></td><td></td></tr>
</table>
<table id='summary'><thead><tr><th>Class</th><th>Method</th><th>Start</th><th>Time (ms)</th></tr></thead><tbody><tr><th colspan="4">Suite</th></tr></tbody><tbody id="t0"><tr><th colspan="4">Test &#8212; failed</th></tr><tr class="failedeven"><td rowspan="1">Memberse.AndroidAutomation.aAddMediaAndPlayPlaylistTest</td><td><a href="#m0">aAddMediaAndPlayPlaylistTestCase</a></td><td rowspan="1">1678439020741</td><td rowspan="1">176529</td></tr><tr class="failedodd"><td rowspan="1">Memberse.AndroidAutomation.aCommunityEditInfoTest</td><td><a href="#m1">aManageMyCommunityTestCase</a></td><td rowspan="1">1678438030736</td><td rowspan="1">86773</td></tr><tr class="failedeven"><td rowspan="1">Memberse.AndroidAutomation.aCreateAudioPostTest</td><td><a href="#m2">aCreateAudioPostTestCase</a></td><td rowspan="1">1678436000799</td><td rowspan="1">85852</td></tr><tr class="failedodd"><td rowspan="1">Memberse.AndroidAutomation.aCreatePhotoPostTest</td><td><a href="#m3">aCreatePhotoPostTestCase</a></td><td rowspan="1">1678435772383</td><td rowspan="1">79542</td></tr><tr class="failedeven"><td rowspan="1">Memberse.AndroidAutomation.aCreateTextPostTest</td><td><a href="#m4">aCreateTextPostTestCase</a></td><td rowspan="1">1678435654570</td><td rowspan="1">85628</td></tr><tr class="failedodd"><td rowspan="1">Memberse.AndroidAutomation.aCreateVideoPostTest</td><td><a href="#m5">aCreateVideoPostTestCase</a></td><td rowspan="1">1678435881379</td><td rowspan="1">80545</td></tr><tr class="failedeven"><td rowspan="1">Memberse.AndroidAutomation.aFeedsFilterTest</td><td><a href="#m6">aFeedsFilterTestCase</a></td><td rowspan="1">1678435519907</td><td rowspan="1">93965</td></tr><tr class="failedodd"><td rowspan="1">Memberse.AndroidAutomation.aLoginWithFacebookTest</td><td><a href="#m7">aLoginWithFacebookTestCase</a></td><td rowspan="1">1678434773988</td><td rowspan="1">58436</td></tr><tr><th colspan="4">Test &#8212; passed</th></tr><tr class="passedeven"><td rowspan="1">Memberse.AndroidAutomation.aBecomeCreatorTest</td><td><a href="#m8">aBecomeCreatorTestCase</a></td><td rowspan="1">1678440029138</td><td rowspan="1">83835</td></tr><tr class="passedodd"><td rowspan="1">Memberse.AndroidAutomation.aCommentOnPostTest</td><td><a href="#m9">aCommentOnPostTestCase</a></td><td rowspan="1">1678437757185</td><td rowspan="1">78945</td></tr><tr class="passedeven"><td rowspan="1">Memberse.AndroidAutomation.aCommunityGuidelinesTest</td><td><a href="#m10">aCommunityGuidelinesTestCase</a></td><td rowspan="1">1678435183062</td><td rowspan="1">85867</td></tr><tr class="passedodd"><td rowspan="1">Memberse.AndroidAutomation.aCommunityPriceTest</td><td><a href="#m11">aCommunityPriceTestCase</a></td><td rowspan="1">1678438148247</td><td rowspan="1">77340</td></tr><tr class="passedeven"><td rowspan="1">Memberse.AndroidAutomation.aCommunityTabsTest</td><td><a href="#m12">aCommunityTabsTestCase</a></td><td rowspan="1">1678437873921</td><td rowspan="1">123811</td></tr><tr class="passedodd"><td rowspan="1">Memberse.AndroidAutomation.aCreatePlaylistTest</td><td><a href="#m13">aCreatePlaylistTestCase</a></td><td rowspan="1">1678438853003</td><td rowspan="1">137862</td></tr><tr class="passedeven"><td rowspan="1">Memberse.AndroidAutomation.aDeleteAccountTest</td><td><a href="#m14">aDeleteAccountTestCase</a></td><td rowspan="1">1678434967561</td><td rowspan="1">73582</td></tr><tr class="passedodd"><td rowspan="1">Memberse.AndroidAutomation.aDonationTest</td><td><a href="#m15">aDonationTestCase</a></td><td rowspan="1">1678436808218</td><td rowspan="1">116516</td></tr><tr class="passedeven"><td rowspan="1">Memberse.AndroidAutomation.aFeedsVerifyTest</td><td><a href="#m16">aFeedsVerifyTestCase</a></td><td rowspan="1">1678435428775</td><td rowspan="1">61438</td></tr><tr class="passedodd"><td rowspan="1">Memberse.AndroidAutomation.aFollowAndUnfollowCommunityTest</td><td><a href="#m17">aFollowCommunityTestCase</a></td><td rowspan="1">1678436230048</td><td rowspan="1">97069</td></tr><tr class="passedeven"><td rowspan="1">Memberse.AndroidAutomation.aJoinCommunityTest</td><td><a href="#m18">aJoinCommunityTestCase</a></td><td rowspan="1">1678436642608</td><td rowspan="1">127543</td></tr><tr class="passedodd"><td rowspan="1">Memberse.AndroidAutomation.aLanguageTest</td><td><a href="#m19">aLanguageTestCase</a></td><td rowspan="1">1678439915435</td><td rowspan="1">75361</td></tr><tr class="passedeven"><td rowspan="1">Memberse.AndroidAutomation.aLikePostTest</td><td><a href="#m20">aLikePostTestCase</a></td><td rowspan="1">1678437649054</td><td rowspan="1">79103</td></tr><tr class="passedodd"><td rowspan="1">Memberse.AndroidAutomation.aLoginFormValidationTest</td><td><a href="#m21">aEmailFormValidationTestCase</a></td><td rowspan="1">1678434505956</td><td rowspan="1">39207</td></tr><tr class="passedeven"><td rowspan="1">Memberse.AndroidAutomation.aLoginWithEmailTest</td><td><a href="#m22">aLoginWithEmailTestCase</a></td><td rowspan="1">1678434576825</td><td rowspan="1">63678</td></tr><tr class="passedodd"><td rowspan="1">Memberse.AndroidAutomation.aLoginWithGoogleTest</td><td><a href="#m23">aLoginWithGoogleTestCase</a></td><td rowspan="1">1678434680590</td><td rowspan="1">61440</td></tr><tr class="passedeven"><td rowspan="1">Memberse.AndroidAutomation.aLogoutTest</td><td><a href="#m24">aLogoutTestCase</a></td><td rowspan="1">1678434863119</td><td rowspan="1">59141</td></tr><tr class="passedodd"><td rowspan="1">Memberse.AndroidAutomation.aMemberInfoTest</td><td><a href="#m25">aUserInfoTestCase</a></td><td rowspan="1">1678439553297</td><td rowspan="1">84167</td></tr><tr class="passedeven"><td rowspan="1">Memberse.AndroidAutomation.aMembershipsTest</td><td><a href="#m26">aMembershipsTestCase</a></td><td rowspan="1">1678439674961</td><td rowspan="1">92723</td></tr><tr class="passedodd"><td rowspan="1">Memberse.AndroidAutomation.aMyFansListTest</td><td><a href="#m27">aMyFansListTestCase</a></td><td rowspan="1">1678439447913</td><td rowspan="1">73151</td></tr><tr class="passedeven"><td rowspan="1">Memberse.AndroidAutomation.aPlayAudioPostTest</td><td><a href="#m28">aPlayAudioPostTestCase</a></td><td rowspan="1">1678437303085</td><td rowspan="1">76850</td></tr><tr class="passedodd"><td rowspan="1">Memberse.AndroidAutomation.aPlayVideoPostTest</td><td><a href="#m29">aPlayVideoPostTestCase</a></td><td rowspan="1">1678437191482</td><td rowspan="1">80262</td></tr><tr class="passedeven"><td rowspan="1">Memberse.AndroidAutomation.aPlaylistEditTest</td><td><a href="#m30">aPlaylistEditTestCase</a></td><td rowspan="1">1678439233664</td><td rowspan="1">183137</td></tr><tr class="passedodd"><td rowspan="1">Memberse.AndroidAutomation.aPostHistoryDeleteTest</td><td><a href="#m31">aPostHistoryDeleteTestCase</a></td><td rowspan="1">1678438731988</td><td rowspan="1">82159</td></tr><tr class="passedeven"><td rowspan="1">Memberse.AndroidAutomation.aPostHistoryEditTest</td><td><a href="#m32">aPostHistoryPostEditTestCase</a></td><td rowspan="1">1678438605908</td><td rowspan="1">88947</td></tr><tr class="passedodd"><td rowspan="1">Memberse.AndroidAutomation.aPostHistoryPlayTest</td><td><a href="#m33">aPostHistoryPlayTestCase</a></td><td rowspan="1">1678438479315</td><td rowspan="1">88259</td></tr><tr class="passedeven"><td rowspan="1">Memberse.AndroidAutomation.aPrivacyPolicyTest</td><td><a href="#m34">aPrivacyPolicyTestCase</a></td><td rowspan="1">1678435308510</td><td rowspan="1">87285</td></tr><tr class="passedodd"><td rowspan="1">Memberse.AndroidAutomation.aReportCommunityTest</td><td><a href="#m35">aReportCommunityTestCase</a></td><td rowspan="1">1678436521884</td><td rowspan="1">90620</td></tr><tr class="passedeven"><td rowspan="1">Memberse.AndroidAutomation.aReportPostTest</td><td><a href="#m36">aReportPostTestCase</a></td><td rowspan="1">1678437409926</td><td rowspan="1">72553</td></tr><tr class="passedodd"><td rowspan="1">Memberse.AndroidAutomation.aSearchCreatorTest</td><td><a href="#m37">aSearchCreatorTestCase</a></td><td rowspan="1">1678436118415</td><td rowspan="1">80128</td></tr><tr class="passedeven"><td rowspan="1">Memberse.AndroidAutomation.aShareCommunityTest</td><td><a href="#m38">aShareCommunityTestCase</a></td><td rowspan="1">1678436367163</td><td rowspan="1">122645</td></tr><tr class="passedodd"><td rowspan="1">Memberse.AndroidAutomation.aSharePostTest</td><td><a href="#m39">aSharePostTestCase</a></td><td rowspan="1">1678437520756</td><td rowspan="1">96590</td></tr><tr class="passedeven"><td rowspan="1">Memberse.AndroidAutomation.aSignupFormValidationTest</td><td><a href="#m40">aRegisterFormValidationTestCase</a></td><td rowspan="1">1678434320296</td><td rowspan="1">48419</td></tr><tr class="passedodd"><td rowspan="1">Memberse.AndroidAutomation.aSignupWithEmailTest</td><td><a href="#m41">aRegisterWithEmailTestCase</a></td><td rowspan="1">1678434404154</td><td rowspan="1">69145</td></tr><tr class="passedeven"><td rowspan="1">Memberse.AndroidAutomation.aSmokeTest</td><td><a href="#m42">aSmokeTestCase</a></td><td rowspan="1">1678434246752</td><td rowspan="1">42498</td></tr><tr class="passedodd"><td rowspan="1">Memberse.AndroidAutomation.aStripeConnectionTest</td><td><a href="#m43">aStripeConnectionTestCase</a></td><td rowspan="1">1678438264184</td><td rowspan="1">184061</td></tr><tr class="passedeven"><td rowspan="1">Memberse.AndroidAutomation.aTermsAndConditionsTest</td><td><a href="#m44">aTermsAndConditionsTestCase</a></td><td rowspan="1">1678435073407</td><td rowspan="1">81543</td></tr><tr class="passedodd"><td rowspan="1">Memberse.AndroidAutomation.aViewPhotoPostTest</td><td><a href="#m45">aViewPhotoPostTestCase</a></td><td rowspan="1">1678437076554</td><td rowspan="1">76637</td></tr><tr class="passedeven"><td rowspan="1">Memberse.AndroidAutomation.aViewTextPostTest</td><td><a href="#m46">aViewTextPostTestCase</a></td><td rowspan="1">1678436962724</td><td rowspan="1">84457</td></tr><tr class="passedodd"><td rowspan="1">Memberse.AndroidAutomation.aWatchedHistoryTest</td><td><a href="#m47">aWatchedHistoryTestCase</a></td><td rowspan="1">1678439798136</td><td rowspan="1">84204</td></tr></tbody>
</table>
<h2>Test</h2><h3 id="m0">Memberse.AndroidAutomation.aAddMediaAndPlayPlaylistTest#aAddMediaAndPlayPlaylistTestCase</h3><table class="result"><tr><th>Exception</th></tr><tr><td><div class="stacktrace">java.lang.AssertionError: expected [kqatestc3&apos;s Community] but found [Autolist-3211]
	at Memberse.AndroidAutomation.aAddMediaAndPlayPlaylistTest.aAddMediaAndPlayPlaylistTestCase(aAddMediaAndPlayPlaylistTest.java:123)
	at java.util.ArrayList.forEach(ArrayList.java:1259)
... Removed 33 stack frames</div></td></tr></table><p class="totop"><a href="#summary">back to summary</a></p>
<h3 id="m1">Memberse.AndroidAutomation.aCommunityEditInfoTest#aManageMyCommunityTestCase</h3><table class="result"><tr><th>Exception</th></tr><tr><td><div class="stacktrace">org.openqa.selenium.NoSuchElementException: Can&apos;t locate an element by this strategy: By.chained({By.xpath: //android.widget.TextView[@text=&apos;Save&apos;]})
	at io.appium.java_client.pagefactory.AppiumElementLocator.findElement(AppiumElementLocator.java:126)
	at io.appium.java_client.pagefactory.interceptors.InterceptorOfASingleElement.intercept(InterceptorOfASingleElement.java:59)
	at io.appium.java_client.android.AndroidElement$$EnhancerByCGLIB$$b598166c.click(&lt;generated&gt;)
	at Memberse.AndroidAutomation.aCommunityEditInfoTest.aManageMyCommunityTestCase(aCommunityEditInfoTest.java:58)
	at java.util.ArrayList.forEach(ArrayList.java:1259)
Caused by: org.openqa.selenium.TimeoutException: Expected condition failed: waiting for io.appium.java_client.pagefactory.AppiumElementLocator$WaitingFunction@39a09c0 (tried for 1 second(s) with 500 milliseconds interval)
	at org.openqa.selenium.support.ui.FluentWait.timeoutException(FluentWait.java:304)
	at org.openqa.selenium.support.ui.FluentWait.until(FluentWait.java:272)
	at io.appium.java_client.pagefactory.AppiumElementLocator.waitFor(AppiumElementLocator.java:99)
	at io.appium.java_client.pagefactory.AppiumElementLocator.findElement(AppiumElementLocator.java:119)
	... 31 more
Caused by: org.openqa.selenium.NoSuchElementException: Cannot locate an element using By.chained({By.xpath: //android.widget.TextView[@text=&apos;Save&apos;]})
For documentation on this error, please visit: https://www.seleniumhq.org/exceptions/no_such_element.html
Build info: version: &apos;3.141.59&apos;, revision: &apos;e82be7d358&apos;, time: &apos;2018-11-14T08:17:03&apos;
System info: host: &apos;Kamals-MacBook-Pro.local&apos;, ip: &apos;2401:4900:599c:5663:d923:21b5:c64d:7b76%en0&apos;, os.name: &apos;Mac OS X&apos;, os.arch: &apos;x86_64&apos;, os.version: &apos;13.2.1&apos;, java.version: &apos;1.8.0_351&apos;
Driver info: driver.version: AndroidDriver
	at io.appium.java_client.pagefactory.bys.builder.ByChained.findElement(ByChained.java:74)
	at org.openqa.selenium.remote.RemoteWebDriver.findElement(RemoteWebDriver.java:315)
	at io.appium.java_client.DefaultGenericMobileDriver.findElement(DefaultGenericMobileDriver.java:57)
	at io.appium.java_client.AppiumDriver.findElement(AppiumDriver.java:1)
	at io.appium.java_client.android.AndroidDriver.findElement(AndroidDriver.java:1)
	at io.appium.java_client.pagefactory.bys.ContentMappedBy.findElement(ContentMappedBy.java:50)
	at org.openqa.selenium.remote.RemoteWebDriver.findElement(RemoteWebDriver.java:315)
	at io.appium.java_client.DefaultGenericMobileDriver.findElement(DefaultGenericMobileDriver.java:57)
	at io.appium.java_client.AppiumDriver.findElement(AppiumDriver.java:1)
	at io.appium.java_client.android.AndroidDriver.findElement(AndroidDriver.java:1)
	at io.appium.java_client.pagefactory.AppiumElementLocator.lambda$0(AppiumElementLocator.java:120)
	at io.appium.java_client.pagefactory.AppiumElementLocator$WaitingFunction.apply(AppiumElementLocator.java:172)
	at io.appium.java_client.pagefactory.AppiumElementLocator$WaitingFunction.apply(AppiumElementLocator.java:1)
	at org.openqa.selenium.support.ui.FluentWait.until(FluentWait.java:249)
	... 33 more
... Removed 27 stack frames</div></td></tr></table><p class="totop"><a href="#summary">back to summary</a></p>
<h3 id="m2">Memberse.AndroidAutomation.aCreateAudioPostTest#aCreateAudioPostTestCase</h3><table class="result"><tr><th>Exception</th></tr><tr><td><div class="stacktrace">org.openqa.selenium.NoSuchElementException: Can&apos;t locate an element by this strategy: By.chained({By.xpath: /hierarchy/android.widget.FrameLayout/android.widget.LinearLayout/android.widget.FrameLayout/android.widget.LinearLayout/android.widget.FrameLayout/android.view.ViewGroup[2]/android.view.ViewGroup/androidx.drawerlayout.widget.DrawerLayout/android.view.ViewGroup/android.view.ViewGroup/android.view.ViewGroup/android.widget.FrameLayout/android.view.ViewGroup/android.view.ViewGroup/android.widget.ScrollView/android.view.ViewGroup/android.view.ViewGroup/android.view.ViewGroup[7]/android.widget.Switch})
	at io.appium.java_client.pagefactory.AppiumElementLocator.findElement(AppiumElementLocator.java:126)
	at io.appium.java_client.pagefactory.interceptors.InterceptorOfASingleElement.intercept(InterceptorOfASingleElement.java:59)
	at io.appium.java_client.android.AndroidElement$$EnhancerByCGLIB$$b598166c.click(&lt;generated&gt;)
	at Memberse.AndroidAutomation.aCreateAudioPostTest.aCreateAudioPostTestCase(aCreateAudioPostTest.java:62)
	at java.util.ArrayList.forEach(ArrayList.java:1259)
Caused by: org.openqa.selenium.TimeoutException: Expected condition failed: waiting for io.appium.java_client.pagefactory.AppiumElementLocator$WaitingFunction@39133244 (tried for 1 second(s) with 500 milliseconds interval)
	at org.openqa.selenium.support.ui.FluentWait.timeoutException(FluentWait.java:304)
	at org.openqa.selenium.support.ui.FluentWait.until(FluentWait.java:272)
	at io.appium.java_client.pagefactory.AppiumElementLocator.waitFor(AppiumElementLocator.java:99)
	at io.appium.java_client.pagefactory.AppiumElementLocator.findElement(AppiumElementLocator.java:119)
	... 31 more
Caused by: org.openqa.selenium.NoSuchElementException: Cannot locate an element using By.chained({By.xpath: /hierarchy/android.widget.FrameLayout/android.widget.LinearLayout/android.widget.FrameLayout/android.widget.LinearLayout/android.widget.FrameLayout/android.view.ViewGroup[2]/android.view.ViewGroup/androidx.drawerlayout.widget.DrawerLayout/android.view.ViewGroup/android.view.ViewGroup/android.view.ViewGroup/android.widget.FrameLayout/android.view.ViewGroup/android.view.ViewGroup/android.widget.ScrollView/android.view.ViewGroup/android.view.ViewGroup/android.view.ViewGroup[7]/android.widget.Switch})
For documentation on this error, please visit: https://www.seleniumhq.org/exceptions/no_such_element.html
Build info: version: &apos;3.141.59&apos;, revision: &apos;e82be7d358&apos;, time: &apos;2018-11-14T08:17:03&apos;
System info: host: &apos;Kamals-MacBook-Pro.local&apos;, ip: &apos;2401:4900:599c:5663:d923:21b5:c64d:7b76%en0&apos;, os.name: &apos;Mac OS X&apos;, os.arch: &apos;x86_64&apos;, os.version: &apos;13.2.1&apos;, java.version: &apos;1.8.0_351&apos;
Driver info: driver.version: AndroidDriver
	at io.appium.java_client.pagefactory.bys.builder.ByChained.findElement(ByChained.java:74)
	at org.openqa.selenium.remote.RemoteWebDriver.findElement(RemoteWebDriver.java:315)
	at io.appium.java_client.DefaultGenericMobileDriver.findElement(DefaultGenericMobileDriver.java:57)
	at io.appium.java_client.AppiumDriver.findElement(AppiumDriver.java:1)
	at io.appium.java_client.android.AndroidDriver.findElement(AndroidDriver.java:1)
	at io.appium.java_client.pagefactory.bys.ContentMappedBy.findElement(ContentMappedBy.java:50)
	at org.openqa.selenium.remote.RemoteWebDriver.findElement(RemoteWebDriver.java:315)
	at io.appium.java_client.DefaultGenericMobileDriver.findElement(DefaultGenericMobileDriver.java:57)
	at io.appium.java_client.AppiumDriver.findElement(AppiumDriver.java:1)
	at io.appium.java_client.android.AndroidDriver.findElement(AndroidDriver.java:1)
	at io.appium.java_client.pagefactory.AppiumElementLocator.lambda$0(AppiumElementLocator.java:120)
	at io.appium.java_client.pagefactory.AppiumElementLocator$WaitingFunction.apply(AppiumElementLocator.java:172)
	at io.appium.java_client.pagefactory.AppiumElementLocator$WaitingFunction.apply(AppiumElementLocator.java:1)
	at org.openqa.selenium.support.ui.FluentWait.until(FluentWait.java:249)
	... 33 more
... Removed 27 stack frames</div></td></tr></table><p class="totop"><a href="#summary">back to summary</a></p>
<h3 id="m3">Memberse.AndroidAutomation.aCreatePhotoPostTest#aCreatePhotoPostTestCase</h3><table class="result"><tr><th>Exception</th></tr><tr><td><div class="stacktrace">org.openqa.selenium.NoSuchElementException: Can&apos;t locate an element by this strategy: By.chained({By.xpath: /hierarchy/android.widget.FrameLayout/android.widget.LinearLayout/android.widget.FrameLayout/android.widget.LinearLayout/android.widget.FrameLayout/android.view.ViewGroup[2]/android.view.ViewGroup/androidx.drawerlayout.widget.DrawerLayout/android.view.ViewGroup/android.view.ViewGroup/android.view.ViewGroup/android.widget.FrameLayout/android.view.ViewGroup/android.view.ViewGroup/android.widget.ScrollView/android.view.ViewGroup/android.view.ViewGroup/android.view.ViewGroup[7]/android.widget.Switch})
	at io.appium.java_client.pagefactory.AppiumElementLocator.findElement(AppiumElementLocator.java:126)
	at io.appium.java_client.pagefactory.interceptors.InterceptorOfASingleElement.intercept(InterceptorOfASingleElement.java:59)
	at io.appium.java_client.android.AndroidElement$$EnhancerByCGLIB$$b598166c.click(&lt;generated&gt;)
	at Memberse.AndroidAutomation.aCreatePhotoPostTest.aCreatePhotoPostTestCase(aCreatePhotoPostTest.java:62)
	at java.util.ArrayList.forEach(ArrayList.java:1259)
Caused by: org.openqa.selenium.TimeoutException: Expected condition failed: waiting for io.appium.java_client.pagefactory.AppiumElementLocator$WaitingFunction@647b9364 (tried for 1 second(s) with 500 milliseconds interval)
	at org.openqa.selenium.support.ui.FluentWait.timeoutException(FluentWait.java:304)
	at org.openqa.selenium.support.ui.FluentWait.until(FluentWait.java:272)
	at io.appium.java_client.pagefactory.AppiumElementLocator.waitFor(AppiumElementLocator.java:99)
	at io.appium.java_client.pagefactory.AppiumElementLocator.findElement(AppiumElementLocator.java:119)
	... 31 more
Caused by: org.openqa.selenium.NoSuchElementException: Cannot locate an element using By.chained({By.xpath: /hierarchy/android.widget.FrameLayout/android.widget.LinearLayout/android.widget.FrameLayout/android.widget.LinearLayout/android.widget.FrameLayout/android.view.ViewGroup[2]/android.view.ViewGroup/androidx.drawerlayout.widget.DrawerLayout/android.view.ViewGroup/android.view.ViewGroup/android.view.ViewGroup/android.widget.FrameLayout/android.view.ViewGroup/android.view.ViewGroup/android.widget.ScrollView/android.view.ViewGroup/android.view.ViewGroup/android.view.ViewGroup[7]/android.widget.Switch})
For documentation on this error, please visit: https://www.seleniumhq.org/exceptions/no_such_element.html
Build info: version: &apos;3.141.59&apos;, revision: &apos;e82be7d358&apos;, time: &apos;2018-11-14T08:17:03&apos;
System info: host: &apos;Kamals-MacBook-Pro.local&apos;, ip: &apos;2401:4900:599c:5663:d923:21b5:c64d:7b76%en0&apos;, os.name: &apos;Mac OS X&apos;, os.arch: &apos;x86_64&apos;, os.version: &apos;13.2.1&apos;, java.version: &apos;1.8.0_351&apos;
Driver info: driver.version: AndroidDriver
	at io.appium.java_client.pagefactory.bys.builder.ByChained.findElement(ByChained.java:74)
	at org.openqa.selenium.remote.RemoteWebDriver.findElement(RemoteWebDriver.java:315)
	at io.appium.java_client.DefaultGenericMobileDriver.findElement(DefaultGenericMobileDriver.java:57)
	at io.appium.java_client.AppiumDriver.findElement(AppiumDriver.java:1)
	at io.appium.java_client.android.AndroidDriver.findElement(AndroidDriver.java:1)
	at io.appium.java_client.pagefactory.bys.ContentMappedBy.findElement(ContentMappedBy.java:50)
	at org.openqa.selenium.remote.RemoteWebDriver.findElement(RemoteWebDriver.java:315)
	at io.appium.java_client.DefaultGenericMobileDriver.findElement(DefaultGenericMobileDriver.java:57)
	at io.appium.java_client.AppiumDriver.findElement(AppiumDriver.java:1)
	at io.appium.java_client.android.AndroidDriver.findElement(AndroidDriver.java:1)
	at io.appium.java_client.pagefactory.AppiumElementLocator.lambda$0(AppiumElementLocator.java:120)
	at io.appium.java_client.pagefactory.AppiumElementLocator$WaitingFunction.apply(AppiumElementLocator.java:172)
	at io.appium.java_client.pagefactory.AppiumElementLocator$WaitingFunction.apply(AppiumElementLocator.java:1)
	at org.openqa.selenium.support.ui.FluentWait.until(FluentWait.java:249)
	... 33 more
... Removed 27 stack frames</div></td></tr></table><p class="totop"><a href="#summary">back to summary</a></p>
<h3 id="m4">Memberse.AndroidAutomation.aCreateTextPostTest#aCreateTextPostTestCase</h3><table class="result"><tr><th>Exception</th></tr><tr><td><div class="stacktrace">org.openqa.selenium.NoSuchElementException: Can&apos;t locate an element by this strategy: By.chained({By.xpath: /hierarchy/android.widget.FrameLayout/android.widget.LinearLayout/android.widget.FrameLayout/android.widget.LinearLayout/android.widget.FrameLayout/android.view.ViewGroup[2]/android.view.ViewGroup/androidx.drawerlayout.widget.DrawerLayout/android.view.ViewGroup/android.view.ViewGroup/android.view.ViewGroup/android.widget.FrameLayout/android.view.ViewGroup/android.view.ViewGroup/android.widget.ScrollView/android.view.ViewGroup/android.view.ViewGroup/android.view.ViewGroup[7]/android.widget.Switch})
	at io.appium.java_client.pagefactory.AppiumElementLocator.findElement(AppiumElementLocator.java:126)
	at io.appium.java_client.pagefactory.interceptors.InterceptorOfASingleElement.intercept(InterceptorOfASingleElement.java:59)
	at io.appium.java_client.android.AndroidElement$$EnhancerByCGLIB$$b598166c.click(&lt;generated&gt;)
	at Memberse.AndroidAutomation.aCreateTextPostTest.aCreateTextPostTestCase(aCreateTextPostTest.java:60)
	at java.util.ArrayList.forEach(ArrayList.java:1259)
Caused by: org.openqa.selenium.TimeoutException: Expected condition failed: waiting for io.appium.java_client.pagefactory.AppiumElementLocator$WaitingFunction@7e64c1a9 (tried for 1 second(s) with 500 milliseconds interval)
	at org.openqa.selenium.support.ui.FluentWait.timeoutException(FluentWait.java:304)
	at org.openqa.selenium.support.ui.FluentWait.until(FluentWait.java:272)
	at io.appium.java_client.pagefactory.AppiumElementLocator.waitFor(AppiumElementLocator.java:99)
	at io.appium.java_client.pagefactory.AppiumElementLocator.findElement(AppiumElementLocator.java:119)
	... 31 more
Caused by: org.openqa.selenium.NoSuchElementException: Cannot locate an element using By.chained({By.xpath: /hierarchy/android.widget.FrameLayout/android.widget.LinearLayout/android.widget.FrameLayout/android.widget.LinearLayout/android.widget.FrameLayout/android.view.ViewGroup[2]/android.view.ViewGroup/androidx.drawerlayout.widget.DrawerLayout/android.view.ViewGroup/android.view.ViewGroup/android.view.ViewGroup/android.widget.FrameLayout/android.view.ViewGroup/android.view.ViewGroup/android.widget.ScrollView/android.view.ViewGroup/android.view.ViewGroup/android.view.ViewGroup[7]/android.widget.Switch})
For documentation on this error, please visit: https://www.seleniumhq.org/exceptions/no_such_element.html
Build info: version: &apos;3.141.59&apos;, revision: &apos;e82be7d358&apos;, time: &apos;2018-11-14T08:17:03&apos;
System info: host: &apos;Kamals-MacBook-Pro.local&apos;, ip: &apos;2401:4900:599c:5663:d923:21b5:c64d:7b76%en0&apos;, os.name: &apos;Mac OS X&apos;, os.arch: &apos;x86_64&apos;, os.version: &apos;13.2.1&apos;, java.version: &apos;1.8.0_351&apos;
Driver info: driver.version: AndroidDriver
	at io.appium.java_client.pagefactory.bys.builder.ByChained.findElement(ByChained.java:74)
	at org.openqa.selenium.remote.RemoteWebDriver.findElement(RemoteWebDriver.java:315)
	at io.appium.java_client.DefaultGenericMobileDriver.findElement(DefaultGenericMobileDriver.java:57)
	at io.appium.java_client.AppiumDriver.findElement(AppiumDriver.java:1)
	at io.appium.java_client.android.AndroidDriver.findElement(AndroidDriver.java:1)
	at io.appium.java_client.pagefactory.bys.ContentMappedBy.findElement(ContentMappedBy.java:50)
	at org.openqa.selenium.remote.RemoteWebDriver.findElement(RemoteWebDriver.java:315)
	at io.appium.java_client.DefaultGenericMobileDriver.findElement(DefaultGenericMobileDriver.java:57)
	at io.appium.java_client.AppiumDriver.findElement(AppiumDriver.java:1)
	at io.appium.java_client.android.AndroidDriver.findElement(AndroidDriver.java:1)
	at io.appium.java_client.pagefactory.AppiumElementLocator.lambda$0(AppiumElementLocator.java:120)
	at io.appium.java_client.pagefactory.AppiumElementLocator$WaitingFunction.apply(AppiumElementLocator.java:172)
	at io.appium.java_client.pagefactory.AppiumElementLocator$WaitingFunction.apply(AppiumElementLocator.java:1)
	at org.openqa.selenium.support.ui.FluentWait.until(FluentWait.java:249)
	... 33 more
... Removed 27 stack frames</div></td></tr></table><p class="totop"><a href="#summary">back to summary</a></p>
<h3 id="m5">Memberse.AndroidAutomation.aCreateVideoPostTest#aCreateVideoPostTestCase</h3><table class="result"><tr><th>Exception</th></tr><tr><td><div class="stacktrace">org.openqa.selenium.NoSuchElementException: Can&apos;t locate an element by this strategy: By.chained({By.xpath: /hierarchy/android.widget.FrameLayout/android.widget.LinearLayout/android.widget.FrameLayout/android.widget.LinearLayout/android.widget.FrameLayout/android.view.ViewGroup[2]/android.view.ViewGroup/androidx.drawerlayout.widget.DrawerLayout/android.view.ViewGroup/android.view.ViewGroup/android.view.ViewGroup/android.widget.FrameLayout/android.view.ViewGroup/android.view.ViewGroup/android.widget.ScrollView/android.view.ViewGroup/android.view.ViewGroup/android.view.ViewGroup[7]/android.widget.Switch})
	at io.appium.java_client.pagefactory.AppiumElementLocator.findElement(AppiumElementLocator.java:126)
	at io.appium.java_client.pagefactory.interceptors.InterceptorOfASingleElement.intercept(InterceptorOfASingleElement.java:59)
	at io.appium.java_client.android.AndroidElement$$EnhancerByCGLIB$$b598166c.click(&lt;generated&gt;)
	at Memberse.AndroidAutomation.aCreateVideoPostTest.aCreateVideoPostTestCase(aCreateVideoPostTest.java:62)
	at java.util.ArrayList.forEach(ArrayList.java:1259)
Caused by: org.openqa.selenium.TimeoutException: Expected condition failed: waiting for io.appium.java_client.pagefactory.AppiumElementLocator$WaitingFunction@8c43966 (tried for 1 second(s) with 500 milliseconds interval)
	at org.openqa.selenium.support.ui.FluentWait.timeoutException(FluentWait.java:304)
	at org.openqa.selenium.support.ui.FluentWait.until(FluentWait.java:272)
	at io.appium.java_client.pagefactory.AppiumElementLocator.waitFor(AppiumElementLocator.java:99)
	at io.appium.java_client.pagefactory.AppiumElementLocator.findElement(AppiumElementLocator.java:119)
	... 31 more
Caused by: org.openqa.selenium.NoSuchElementException: Cannot locate an element using By.chained({By.xpath: /hierarchy/android.widget.FrameLayout/android.widget.LinearLayout/android.widget.FrameLayout/android.widget.LinearLayout/android.widget.FrameLayout/android.view.ViewGroup[2]/android.view.ViewGroup/androidx.drawerlayout.widget.DrawerLayout/android.view.ViewGroup/android.view.ViewGroup/android.view.ViewGroup/android.widget.FrameLayout/android.view.ViewGroup/android.view.ViewGroup/android.widget.ScrollView/android.view.ViewGroup/android.view.ViewGroup/android.view.ViewGroup[7]/android.widget.Switch})
For documentation on this error, please visit: https://www.seleniumhq.org/exceptions/no_such_element.html
Build info: version: &apos;3.141.59&apos;, revision: &apos;e82be7d358&apos;, time: &apos;2018-11-14T08:17:03&apos;
System info: host: &apos;Kamals-MacBook-Pro.local&apos;, ip: &apos;2401:4900:599c:5663:d923:21b5:c64d:7b76%en0&apos;, os.name: &apos;Mac OS X&apos;, os.arch: &apos;x86_64&apos;, os.version: &apos;13.2.1&apos;, java.version: &apos;1.8.0_351&apos;
Driver info: driver.version: AndroidDriver
	at io.appium.java_client.pagefactory.bys.builder.ByChained.findElement(ByChained.java:74)
	at org.openqa.selenium.remote.RemoteWebDriver.findElement(RemoteWebDriver.java:315)
	at io.appium.java_client.DefaultGenericMobileDriver.findElement(DefaultGenericMobileDriver.java:57)
	at io.appium.java_client.AppiumDriver.findElement(AppiumDriver.java:1)
	at io.appium.java_client.android.AndroidDriver.findElement(AndroidDriver.java:1)
	at io.appium.java_client.pagefactory.bys.ContentMappedBy.findElement(ContentMappedBy.java:50)
	at org.openqa.selenium.remote.RemoteWebDriver.findElement(RemoteWebDriver.java:315)
	at io.appium.java_client.DefaultGenericMobileDriver.findElement(DefaultGenericMobileDriver.java:57)
	at io.appium.java_client.AppiumDriver.findElement(AppiumDriver.java:1)
	at io.appium.java_client.android.AndroidDriver.findElement(AndroidDriver.java:1)
	at io.appium.java_client.pagefactory.AppiumElementLocator.lambda$0(AppiumElementLocator.java:120)
	at io.appium.java_client.pagefactory.AppiumElementLocator$WaitingFunction.apply(AppiumElementLocator.java:172)
	at io.appium.java_client.pagefactory.AppiumElementLocator$WaitingFunction.apply(AppiumElementLocator.java:1)
	at org.openqa.selenium.support.ui.FluentWait.until(FluentWait.java:249)
	... 33 more
... Removed 27 stack frames</div></td></tr></table><p class="totop"><a href="#summary">back to summary</a></p>
<h3 id="m6">Memberse.AndroidAutomation.aFeedsFilterTest#aFeedsFilterTestCase</h3><table class="result"><tr><th>Exception</th></tr><tr><td><div class="stacktrace">java.lang.AssertionError: expected [kqatestc3&apos;s Community] but found [kqatestc5&apos;s Community]
	at Memberse.AndroidAutomation.aFeedsFilterTest.aFeedsFilterTestCase(aFeedsFilterTest.java:61)
	at java.util.ArrayList.forEach(ArrayList.java:1259)
... Removed 33 stack frames</div></td></tr></table><p class="totop"><a href="#summary">back to summary</a></p>
<h3 id="m7">Memberse.AndroidAutomation.aLoginWithFacebookTest#aLoginWithFacebookTestCase</h3><table class="result"><tr><th>Exception</th></tr><tr><td><div class="stacktrace">org.openqa.selenium.NoSuchElementException: An element could not be located on the page using the given search parameters. (WARNING: The server did not provide any stacktrace information)
Command duration or timeout: 0 milliseconds
For documentation on this error, please visit: https://www.seleniumhq.org/exceptions/no_such_element.html
Build info: version: &apos;3.141.59&apos;, revision: &apos;e82be7d358&apos;, time: &apos;2018-11-14T08:17:03&apos;
System info: host: &apos;Kamals-MacBook-Pro.local&apos;, ip: &apos;2401:4900:599c:5663:d923:21b5:c64d:7b76%en0&apos;, os.name: &apos;Mac OS X&apos;, os.arch: &apos;x86_64&apos;, os.version: &apos;13.2.1&apos;, java.version: &apos;1.8.0_351&apos;
Driver info: io.appium.java_client.android.AndroidDriver
Capabilities {64bit: false, acceptSslCert: false, acceptSslCerts: false, adbExecTimeout: 120000, appActivity: dog.fa.so.app.MainActivity, appPackage: dog.fa.so.app.stage, automationName: uiautomator2, browserstack.appium_version: 1.17.0, browserstack.is_hub_canary: false, browserstack.minOSVersion: 7.0, bundleID: dog.fa.so.app.stage, bundleId: dog.fa.so.app.stage, capabilities: {64bit: false, acceptSslCert: false, acceptSslCerts: false, adbExecTimeout: 120000, appActivity: dog.fa.so.app.MainActivity, appPackage: dog.fa.so.app.stage, automationName: uiautomator2, browserstack.appium_version: 1.17.0, browserstack.is_hub_canary: false, browserstack.minOSVersion: 7.0, bundleID: dog.fa.so.app.stage, bundleId: dog.fa.so.app.stage, chromeOptions: {w3c: false}, chromedriverPort: 18081, chromedriverPorts: [[18111, 18121]], databaseEnabled: false, detected_language: selenium/3.141.59 (java mac), device: google pixel 3 xl, deviceApiLevel: 28, deviceManufacturer: Google, deviceModel: Pixel 3 XL, deviceName: 891Y034WA, deviceScreenDensity: 560, deviceScreenSize: 1440x2960, deviceUDID: 891Y034WA, disableSuppressAccessibilityService: true, enablePerformanceLogging: false, javascriptEnabled: true, locationContextEnabled: false, mobile: {browser: mobile, version: Google Pixel 3 XL-9.0}, nativeWebScreenshot: true, networkConnectionEnabled: true, newCommandTimeout: 0, new_bucketing: true, orig_os: android, osVersion: 9.0, os_version: 9.0, pixelRatio: 3.5, platform: ANDROID, platformName: Android, platformVersion: 9, realMobile: true, sessionId: 2a828e929ec80dc7d8c112f0f46..., skipServerInstallation: true, statBarHeight: 171, systemPort: 8201, takesScreenshot: true, udid: 891Y034WA, uiautomator2ServerLaunchTimeout: 60000, version: , viewportRect: {height: 2450, left: 0, top: 171, width: 1440}, warnings: {}, webStorageEnabled: false}, chromeOptions: {w3c: false}, chromedriverPort: 18081, chromedriverPorts: [[18111, 18121]], databaseEnabled: false, detected_language: selenium/3.141.59 (java mac), device: google pixel 3 xl, deviceApiLevel: 28, deviceManufacturer: Google, deviceModel: Pixel 3 XL, deviceName: 891Y034WA, deviceScreenDensity: 560, deviceScreenSize: 1440x2960, deviceUDID: 891Y034WA, disableSuppressAccessibilityService: true, enablePerformanceLogging: false, javascriptEnabled: true, locationContextEnabled: false, mobile: {browser: mobile, version: Google Pixel 3 XL-9.0}, nativeWebScreenshot: true, networkConnectionEnabled: true, newCommandTimeout: 0, new_bucketing: true, orig_os: android, osVersion: 9.0, os_version: 9.0, pixelRatio: 3.5, platform: ANDROID, platformName: Android, platformVersion: 9, realMobile: true, sessionId: 2a828e929ec80dc7d8c112f0f46..., skipServerInstallation: true, statBarHeight: 171, systemPort: 8201, takesScreenshot: true, udid: 891Y034WA, uiautomator2ServerLaunchTimeout: 60000, version: , viewportRect: {height: 2450, left: 0, top: 171, width: 1440}, warnings: {}, webStorageEnabled: false}
Session ID: 2a828e929ec80dc7d8c112f0f460108df15b2f3d
*** Element info: {Using=xpath, value=/hierarchy/android.widget.FrameLayout/android.widget.LinearLayout/android.widget.FrameLayout/android.widget.FrameLayout/android.widget.FrameLayout/android.view.ViewGroup/android.widget.FrameLayout[1]/android.widget.FrameLayout[1]/android.webkit.WebView/android.view.View/android.view.View/android.view.View[2]/android.view.View[1]/android.view.View[1]/android.view.View[2]/android.widget.Button}
	at org.openqa.selenium.remote.ErrorHandler.createThrowable(ErrorHandler.java:214)
	at org.openqa.selenium.remote.ErrorHandler.throwIfResponseFailed(ErrorHandler.java:166)
	at org.openqa.selenium.remote.http.JsonHttpResponseCodec.reconstructValue(JsonHttpResponseCodec.java:40)
	at org.openqa.selenium.remote.http.AbstractHttpResponseCodec.decode(AbstractHttpResponseCodec.java:80)
	at org.openqa.selenium.remote.http.AbstractHttpResponseCodec.decode(AbstractHttpResponseCodec.java:44)
	at org.openqa.selenium.remote.HttpCommandExecutor.execute(HttpCommandExecutor.java:158)
	at io.appium.java_client.remote.AppiumCommandExecutor.execute(AppiumCommandExecutor.java:239)
	at org.openqa.selenium.remote.RemoteWebDriver.execute(RemoteWebDriver.java:552)
	at io.appium.java_client.DefaultGenericMobileDriver.execute(DefaultGenericMobileDriver.java:41)
	at io.appium.java_client.AppiumDriver.execute(AppiumDriver.java:1)
	at io.appium.java_client.android.AndroidDriver.execute(AndroidDriver.java:1)
	at org.openqa.selenium.remote.RemoteWebDriver.findElement(RemoteWebDriver.java:323)
	at io.appium.java_client.DefaultGenericMobileDriver.findElement(DefaultGenericMobileDriver.java:61)
	at io.appium.java_client.AppiumDriver.findElement(AppiumDriver.java:1)
	at io.appium.java_client.android.AndroidDriver.findElement(AndroidDriver.java:1)
	at org.openqa.selenium.remote.RemoteWebDriver.findElementByXPath(RemoteWebDriver.java:428)
	at io.appium.java_client.DefaultGenericMobileDriver.findElementByXPath(DefaultGenericMobileDriver.java:151)
	at io.appium.java_client.AppiumDriver.findElementByXPath(AppiumDriver.java:1)
	at io.appium.java_client.android.AndroidDriver.findElementByXPath(AndroidDriver.java:1)
	at Memberse.AndroidAutomation.aLoginWithFacebookTest.aLoginWithFacebookTestCase(aLoginWithFacebookTest.java:44)
	at java.util.ArrayList.forEach(ArrayList.java:1259)
... Removed 31 stack frames</div></td></tr></table><p class="totop"><a href="#summary">back to summary</a></p>
<h3 id="m8">Memberse.AndroidAutomation.aBecomeCreatorTest#aBecomeCreatorTestCase</h3><table class="result"><tr><th class="invisible"/></tr></table><p class="totop"><a href="#summary">back to summary</a></p>
<h3 id="m9">Memberse.AndroidAutomation.aCommentOnPostTest#aCommentOnPostTestCase</h3><table class="result"><tr><th class="invisible"/></tr></table><p class="totop"><a href="#summary">back to summary</a></p>
<h3 id="m10">Memberse.AndroidAutomation.aCommunityGuidelinesTest#aCommunityGuidelinesTestCase</h3><table class="result"><tr><th class="invisible"/></tr></table><p class="totop"><a href="#summary">back to summary</a></p>
<h3 id="m11">Memberse.AndroidAutomation.aCommunityPriceTest#aCommunityPriceTestCase</h3><table class="result"><tr><th class="invisible"/></tr></table><p class="totop"><a href="#summary">back to summary</a></p>
<h3 id="m12">Memberse.AndroidAutomation.aCommunityTabsTest#aCommunityTabsTestCase</h3><table class="result"><tr><th class="invisible"/></tr></table><p class="totop"><a href="#summary">back to summary</a></p>
<h3 id="m13">Memberse.AndroidAutomation.aCreatePlaylistTest#aCreatePlaylistTestCase</h3><table class="result"><tr><th class="invisible"/></tr></table><p class="totop"><a href="#summary">back to summary</a></p>
<h3 id="m14">Memberse.AndroidAutomation.aDeleteAccountTest#aDeleteAccountTestCase</h3><table class="result"><tr><th class="invisible"/></tr></table><p class="totop"><a href="#summary">back to summary</a></p>
<h3 id="m15">Memberse.AndroidAutomation.aDonationTest#aDonationTestCase</h3><table class="result"><tr><th class="invisible"/></tr></table><p class="totop"><a href="#summary">back to summary</a></p>
<h3 id="m16">Memberse.AndroidAutomation.aFeedsVerifyTest#aFeedsVerifyTestCase</h3><table class="result"><tr><th class="invisible"/></tr></table><p class="totop"><a href="#summary">back to summary</a></p>
<h3 id="m17">Memberse.AndroidAutomation.aFollowAndUnfollowCommunityTest#aFollowCommunityTestCase</h3><table class="result"><tr><th class="invisible"/></tr></table><p class="totop"><a href="#summary">back to summary</a></p>
<h3 id="m18">Memberse.AndroidAutomation.aJoinCommunityTest#aJoinCommunityTestCase</h3><table class="result"><tr><th class="invisible"/></tr></table><p class="totop"><a href="#summary">back to summary</a></p>
<h3 id="m19">Memberse.AndroidAutomation.aLanguageTest#aLanguageTestCase</h3><table class="result"><tr><th class="invisible"/></tr></table><p class="totop"><a href="#summary">back to summary</a></p>
<h3 id="m20">Memberse.AndroidAutomation.aLikePostTest#aLikePostTestCase</h3><table class="result"><tr><th class="invisible"/></tr></table><p class="totop"><a href="#summary">back to summary</a></p>
<h3 id="m21">Memberse.AndroidAutomation.aLoginFormValidationTest#aEmailFormValidationTestCase</h3><table class="result"><tr><th class="invisible"/></tr></table><p class="totop"><a href="#summary">back to summary</a></p>
<h3 id="m22">Memberse.AndroidAutomation.aLoginWithEmailTest#aLoginWithEmailTestCase</h3><table class="result"><tr><th class="invisible"/></tr></table><p class="totop"><a href="#summary">back to summary</a></p>
<h3 id="m23">Memberse.AndroidAutomation.aLoginWithGoogleTest#aLoginWithGoogleTestCase</h3><table class="result"><tr><th class="invisible"/></tr></table><p class="totop"><a href="#summary">back to summary</a></p>
<h3 id="m24">Memberse.AndroidAutomation.aLogoutTest#aLogoutTestCase</h3><table class="result"><tr><th class="invisible"/></tr></table><p class="totop"><a href="#summary">back to summary</a></p>
<h3 id="m25">Memberse.AndroidAutomation.aMemberInfoTest#aUserInfoTestCase</h3><table class="result"><tr><th class="invisible"/></tr></table><p class="totop"><a href="#summary">back to summary</a></p>
<h3 id="m26">Memberse.AndroidAutomation.aMembershipsTest#aMembershipsTestCase</h3><table class="result"><tr><th class="invisible"/></tr></table><p class="totop"><a href="#summary">back to summary</a></p>
<h3 id="m27">Memberse.AndroidAutomation.aMyFansListTest#aMyFansListTestCase</h3><table class="result"><tr><th class="invisible"/></tr></table><p class="totop"><a href="#summary">back to summary</a></p>
<h3 id="m28">Memberse.AndroidAutomation.aPlayAudioPostTest#aPlayAudioPostTestCase</h3><table class="result"><tr><th class="invisible"/></tr></table><p class="totop"><a href="#summary">back to summary</a></p>
<h3 id="m29">Memberse.AndroidAutomation.aPlayVideoPostTest#aPlayVideoPostTestCase</h3><table class="result"><tr><th class="invisible"/></tr></table><p class="totop"><a href="#summary">back to summary</a></p>
<h3 id="m30">Memberse.AndroidAutomation.aPlaylistEditTest#aPlaylistEditTestCase</h3><table class="result"><tr><th class="invisible"/></tr></table><p class="totop"><a href="#summary">back to summary</a></p>
<h3 id="m31">Memberse.AndroidAutomation.aPostHistoryDeleteTest#aPostHistoryDeleteTestCase</h3><table class="result"><tr><th class="invisible"/></tr></table><p class="totop"><a href="#summary">back to summary</a></p>
<h3 id="m32">Memberse.AndroidAutomation.aPostHistoryEditTest#aPostHistoryPostEditTestCase</h3><table class="result"><tr><th class="invisible"/></tr></table><p class="totop"><a href="#summary">back to summary</a></p>
<h3 id="m33">Memberse.AndroidAutomation.aPostHistoryPlayTest#aPostHistoryPlayTestCase</h3><table class="result"><tr><th class="invisible"/></tr></table><p class="totop"><a href="#summary">back to summary</a></p>
<h3 id="m34">Memberse.AndroidAutomation.aPrivacyPolicyTest#aPrivacyPolicyTestCase</h3><table class="result"><tr><th class="invisible"/></tr></table><p class="totop"><a href="#summary">back to summary</a></p>
<h3 id="m35">Memberse.AndroidAutomation.aReportCommunityTest#aReportCommunityTestCase</h3><table class="result"><tr><th class="invisible"/></tr></table><p class="totop"><a href="#summary">back to summary</a></p>
<h3 id="m36">Memberse.AndroidAutomation.aReportPostTest#aReportPostTestCase</h3><table class="result"><tr><th class="invisible"/></tr></table><p class="totop"><a href="#summary">back to summary</a></p>
<h3 id="m37">Memberse.AndroidAutomation.aSearchCreatorTest#aSearchCreatorTestCase</h3><table class="result"><tr><th class="invisible"/></tr></table><p class="totop"><a href="#summary">back to summary</a></p>
<h3 id="m38">Memberse.AndroidAutomation.aShareCommunityTest#aShareCommunityTestCase</h3><table class="result"><tr><th class="invisible"/></tr></table><p class="totop"><a href="#summary">back to summary</a></p>
<h3 id="m39">Memberse.AndroidAutomation.aSharePostTest#aSharePostTestCase</h3><table class="result"><tr><th class="invisible"/></tr></table><p class="totop"><a href="#summary">back to summary</a></p>
<h3 id="m40">Memberse.AndroidAutomation.aSignupFormValidationTest#aRegisterFormValidationTestCase</h3><table class="result"><tr><th class="invisible"/></tr></table><p class="totop"><a href="#summary">back to summary</a></p>
<h3 id="m41">Memberse.AndroidAutomation.aSignupWithEmailTest#aRegisterWithEmailTestCase</h3><table class="result"><tr><th class="invisible"/></tr></table><p class="totop"><a href="#summary">back to summary</a></p>
<h3 id="m42">Memberse.AndroidAutomation.aSmokeTest#aSmokeTestCase</h3><table class="result"><tr><th class="invisible"/></tr></table><p class="totop"><a href="#summary">back to summary</a></p>
<h3 id="m43">Memberse.AndroidAutomation.aStripeConnectionTest#aStripeConnectionTestCase</h3><table class="result"><tr><th class="invisible"/></tr></table><p class="totop"><a href="#summary">back to summary</a></p>
<h3 id="m44">Memberse.AndroidAutomation.aTermsAndConditionsTest#aTermsAndConditionsTestCase</h3><table class="result"><tr><th class="invisible"/></tr></table><p class="totop"><a href="#summary">back to summary</a></p>
<h3 id="m45">Memberse.AndroidAutomation.aViewPhotoPostTest#aViewPhotoPostTestCase</h3><table class="result"><tr><th class="invisible"/></tr></table><p class="totop"><a href="#summary">back to summary</a></p>
<h3 id="m46">Memberse.AndroidAutomation.aViewTextPostTest#aViewTextPostTestCase</h3><table class="result"><tr><th class="invisible"/></tr></table><p class="totop"><a href="#summary">back to summary</a></p>
<h3 id="m47">Memberse.AndroidAutomation.aWatchedHistoryTest#aWatchedHistoryTestCase</h3><table class="result"><tr><th class="invisible"/></tr></table><p class="totop"><a href="#summary">back to summary</a></p>
</body>
</html>
