<?xml version="1.0" encoding="UTF-8"?>
<!-- Generated by org.testng.reporters.JUnitReportReporter -->
<testsuite hostname="Kamals-MacBook-Pro.local" failures="0" tests="1" name="Memberse.AndroidAutomation.aRegisterFormValidationTest" time="22.461" errors="1" timestamp="2022-08-16T11:07:17 IST" skipped="0">
  <testcase classname="Memberse.AndroidAutomation.aRegisterFormValidationTest" name="aRegisterFormValidationTestCase" time="22.461">
    <error message="The element &#039;By.xpath: //android.widget.EditText[@text=&#039;Email&#039;]&#039; does not exist in DOM anymore
For documentation on this error, please visit: https://www.seleniumhq.org/exceptions/stale_element_reference.html
Build info: version: &#039;3.141.59&#039;, revision: &#039;e82be7d358&#039;, time: &#039;2018-11-14T08:17:03&#039;
System info: host: &#039;Kamals-MacBook-Pro.local&#039;, ip: &#039;2401:4900:5811:eb83:70e9:e6e3:ea65:b367%en0&#039;, os.name: &#039;Mac OS X&#039;, os.arch: &#039;x86_64&#039;, os.version: &#039;10.16&#039;, java.version: &#039;15.0.1&#039;
Driver info: io.appium.java_client.android.AndroidDriver
Capabilities {app: /Users/kamaljhinjer/Documen..., appPackage: dog.fa.so.app.dev, automationName: uiautomator2, chromedriverExecutable: /Users/kamaljhinjer/Documen..., databaseEnabled: false, desired: {app: /Users/kamaljhinjer/Documen..., automationName: uiautomator2, chromedriverExecutable: /Users/kamaljhinjer/Documen..., deviceName: Android Device, newCommandTimeout: 180, platformName: android, uiautomator2ServerInstallTimeout: 30000}, deviceApiLevel: 27, deviceManufacturer: LENOVO, deviceModel: Lenovo TB-8504F, deviceName: HA0KH00V, deviceScreenDensity: 213, deviceScreenSize: 800x1280, deviceUDID: HA0KH00V, javascriptEnabled: true, locationContextEnabled: false, networkConnectionEnabled: true, newCommandTimeout: 180, pixelRatio: 1.3312501, platform: LINUX, platformName: Android, platformVersion: 8.1.0, statBarHeight: 32, takesScreenshot: true, uiautomator2ServerInstallTimeout: 30000, viewportRect: {height: 1184, left: 0, top: 32, width: 800}, warnings: {}, webStorageEnabled: false}
Session ID: b03b752f-91a7-4abc-8c19-195fdae74ed2" type="org.openqa.selenium.StaleElementReferenceException">
      <![CDATA[org.openqa.selenium.StaleElementReferenceException: The element 'By.xpath: //android.widget.EditText[@text='Email']' does not exist in DOM anymore
For documentation on this error, please visit: https://www.seleniumhq.org/exceptions/stale_element_reference.html
Build info: version: '3.141.59', revision: 'e82be7d358', time: '2018-11-14T08:17:03'
System info: host: 'Kamals-MacBook-Pro.local', ip: '2401:4900:5811:eb83:70e9:e6e3:ea65:b367%en0', os.name: 'Mac OS X', os.arch: 'x86_64', os.version: '10.16', java.version: '15.0.1'
Driver info: io.appium.java_client.android.AndroidDriver
Capabilities {app: /Users/kamaljhinjer/Documen..., appPackage: dog.fa.so.app.dev, automationName: uiautomator2, chromedriverExecutable: /Users/kamaljhinjer/Documen..., databaseEnabled: false, desired: {app: /Users/kamaljhinjer/Documen..., automationName: uiautomator2, chromedriverExecutable: /Users/kamaljhinjer/Documen..., deviceName: Android Device, newCommandTimeout: 180, platformName: android, uiautomator2ServerInstallTimeout: 30000}, deviceApiLevel: 27, deviceManufacturer: LENOVO, deviceModel: Lenovo TB-8504F, deviceName: HA0KH00V, deviceScreenDensity: 213, deviceScreenSize: 800x1280, deviceUDID: HA0KH00V, javascriptEnabled: true, locationContextEnabled: false, networkConnectionEnabled: true, newCommandTimeout: 180, pixelRatio: 1.3312501, platform: LINUX, platformName: Android, platformVersion: 8.1.0, statBarHeight: 32, takesScreenshot: true, uiautomator2ServerInstallTimeout: 30000, viewportRect: {height: 1184, left: 0, top: 32, width: 800}, warnings: {}, webStorageEnabled: false}
Session ID: b03b752f-91a7-4abc-8c19-195fdae74ed2
at java.base/jdk.internal.reflect.NativeConstructorAccessorImpl.newInstance0(Native Method)
at java.base/jdk.internal.reflect.NativeConstructorAccessorImpl.newInstance(NativeConstructorAccessorImpl.java:64)
at java.base/jdk.internal.reflect.DelegatingConstructorAccessorImpl.newInstance(DelegatingConstructorAccessorImpl.java:45)
at java.base/java.lang.reflect.Constructor.newInstanceWithCaller(Constructor.java:500)
at java.base/java.lang.reflect.Constructor.newInstance(Constructor.java:481)
at org.openqa.selenium.remote.http.W3CHttpResponseCodec.createException(W3CHttpResponseCodec.java:187)
at org.openqa.selenium.remote.http.W3CHttpResponseCodec.decode(W3CHttpResponseCodec.java:122)
at org.openqa.selenium.remote.http.W3CHttpResponseCodec.decode(W3CHttpResponseCodec.java:49)
at org.openqa.selenium.remote.HttpCommandExecutor.execute(HttpCommandExecutor.java:158)
at io.appium.java_client.remote.AppiumCommandExecutor.execute(AppiumCommandExecutor.java:239)
at org.openqa.selenium.remote.RemoteWebDriver.execute(RemoteWebDriver.java:552)
at io.appium.java_client.DefaultGenericMobileDriver.execute(DefaultGenericMobileDriver.java:41)
at io.appium.java_client.AppiumDriver.execute(AppiumDriver.java:1)
at io.appium.java_client.android.AndroidDriver.execute(AndroidDriver.java:1)
at org.openqa.selenium.remote.RemoteWebElement.execute(RemoteWebElement.java:285)
at io.appium.java_client.DefaultGenericMobileElement.execute(DefaultGenericMobileElement.java:45)
at io.appium.java_client.MobileElement.execute(MobileElement.java:1)
at io.appium.java_client.android.AndroidElement.execute(AndroidElement.java:1)
at org.openqa.selenium.remote.RemoteWebElement.sendKeys(RemoteWebElement.java:106)
at Memberse.AndroidAutomation.aRegisterFormValidationTest.aRegisterFormValidationTestCase(aRegisterFormValidationTest.java:37)
at java.base/jdk.internal.reflect.NativeMethodAccessorImpl.invoke0(Native Method)
at java.base/jdk.internal.reflect.NativeMethodAccessorImpl.invoke(NativeMethodAccessorImpl.java:64)
at java.base/jdk.internal.reflect.DelegatingMethodAccessorImpl.invoke(DelegatingMethodAccessorImpl.java:43)
at java.base/java.lang.reflect.Method.invoke(Method.java:564)
at org.testng.internal.MethodInvocationHelper.invokeMethod(MethodInvocationHelper.java:133)
at org.testng.internal.TestInvoker.invokeMethod(TestInvoker.java:584)
at org.testng.internal.TestInvoker.invokeTestMethod(TestInvoker.java:172)
at org.testng.internal.MethodRunner.runInSequence(MethodRunner.java:46)
at org.testng.internal.TestInvoker$MethodInvocationAgent.invoke(TestInvoker.java:804)
at org.testng.internal.TestInvoker.invokeTestMethods(TestInvoker.java:145)
at org.testng.internal.TestMethodWorker.invokeTestMethods(TestMethodWorker.java:146)
at org.testng.internal.TestMethodWorker.run(TestMethodWorker.java:128)
at java.base/java.util.ArrayList.forEach(ArrayList.java:1511)
at org.testng.TestRunner.privateRun(TestRunner.java:770)
at org.testng.TestRunner.run(TestRunner.java:591)
at org.testng.SuiteRunner.runTest(SuiteRunner.java:402)
at org.testng.SuiteRunner.runSequentially(SuiteRunner.java:396)
at org.testng.SuiteRunner.privateRun(SuiteRunner.java:355)
at org.testng.SuiteRunner.run(SuiteRunner.java:304)
at org.testng.SuiteRunnerWorker.runSuite(SuiteRunnerWorker.java:53)
at org.testng.SuiteRunnerWorker.run(SuiteRunnerWorker.java:96)
at org.testng.TestNG.runSuitesSequentially(TestNG.java:1180)
at org.testng.TestNG.runSuitesLocally(TestNG.java:1102)
at org.testng.TestNG.runSuites(TestNG.java:1032)
at org.testng.TestNG.run(TestNG.java:1000)
at org.testng.remote.AbstractRemoteTestNG.run(AbstractRemoteTestNG.java:115)
at org.testng.remote.RemoteTestNG.initAndRun(RemoteTestNG.java:251)
at org.testng.remote.RemoteTestNG.main(RemoteTestNG.java:77)
]]>
    </error>
  </testcase> <!-- aRegisterFormValidationTestCase -->
</testsuite> <!-- Memberse.AndroidAutomation.aRegisterFormValidationTest -->
