<?xml version="1.0" encoding="UTF-8"?>
<!-- Generated by org.testng.reporters.JUnitReportReporter -->
<testsuite hostname="Kamals-MacBook-Pro.local" failures="0" tests="1" name="Memberse.AndroidAutomation.aLoginWithFacebookTest" time="47.903" errors="1" timestamp="2022-10-05T11:32:56 IST" skipped="0">
  <testcase classname="Memberse.AndroidAutomation.aLoginWithFacebookTest" name="iLoginWithFacebookTestCase" time="47.903">
    <error message="An element could not be located on the page using the given search parameters. (WARNING: The server did not provide any stacktrace information)
Command duration or timeout: 0 milliseconds
For documentation on this error, please visit: https://www.seleniumhq.org/exceptions/no_such_element.html
Build info: version: &#039;3.141.59&#039;, revision: &#039;e82be7d358&#039;, time: &#039;2018-11-14T08:17:03&#039;
System info: host: &#039;Kamals-MacBook-Pro.local&#039;, ip: &#039;2401:4900:5df2:5fce:ac78:6c9b:628c:4dea%en0&#039;, os.name: &#039;Mac OS X&#039;, os.arch: &#039;x86_64&#039;, os.version: &#039;10.16&#039;, java.version: &#039;15.0.1&#039;
Driver info: io.appium.java_client.android.AndroidDriver
Capabilities {64bit: false, acceptSslCert: false, acceptSslCerts: false, adbExecTimeout: 120000, appActivity: dog.fa.so.app.MainActivity, appPackage: dog.fa.so.app.stage, automationName: uiautomator2, browserstack.appium_version: 1.17.0, browserstack.is_hub_canary: false, browserstack.minOSVersion: 7.0, bundleID: dog.fa.so.app.stage, bundleId: dog.fa.so.app.stage, capabilities: {64bit: false, acceptSslCert: false, acceptSslCerts: false, adbExecTimeout: 120000, appActivity: dog.fa.so.app.MainActivity, appPackage: dog.fa.so.app.stage, automationName: uiautomator2, browserstack.appium_version: 1.17.0, browserstack.is_hub_canary: false, browserstack.minOSVersion: 7.0, bundleID: dog.fa.so.app.stage, bundleId: dog.fa.so.app.stage, chromeOptions: {w3c: false}, chromedriverPort: 18081, chromedriverPorts: [[18111, 18121]], databaseEnabled: false, detected_language: selenium/3.141.59 (java mac), device: google pixel 3 xl, deviceApiLevel: 28, deviceManufacturer: Google, deviceModel: Pixel 3 XL, deviceName: 8B4Y0TM7A, deviceScreenDensity: 560, deviceScreenSize: 1440x2960, deviceUDID: 8B4Y0TM7A, disableSuppressAccessibilityService: true, enablePerformanceLogging: false, javascriptEnabled: true, locationContextEnabled: false, mobile: {browser: mobile, version: Google Pixel 3 XL-9.0}, nativeWebScreenshot: true, networkConnectionEnabled: true, newCommandTimeout: 0, new_bucketing: true, orig_os: android, osVersion: 9.0, os_version: 9.0, pixelRatio: 3.5, platform: ANDROID, platformName: Android, platformVersion: 9, realMobile: true, sessionId: 2860b0229016ff6536276e8fdd9..., skipServerInstallation: true, statBarHeight: 171, systemPort: 8201, takesScreenshot: true, udid: 8B4Y0TM7A, uiautomator2ServerLaunchTimeout: 60000, version: , viewportRect: {height: 2450, left: 0, top: 171, width: 1440}, warnings: {}, webStorageEnabled: false}, chromeOptions: {w3c: false}, chromedriverPort: 18081, chromedriverPorts: [[18111, 18121]], databaseEnabled: false, detected_language: selenium/3.141.59 (java mac), device: google pixel 3 xl, deviceApiLevel: 28, deviceManufacturer: Google, deviceModel: Pixel 3 XL, deviceName: 8B4Y0TM7A, deviceScreenDensity: 560, deviceScreenSize: 1440x2960, deviceUDID: 8B4Y0TM7A, disableSuppressAccessibilityService: true, enablePerformanceLogging: false, javascriptEnabled: true, locationContextEnabled: false, mobile: {browser: mobile, version: Google Pixel 3 XL-9.0}, nativeWebScreenshot: true, networkConnectionEnabled: true, newCommandTimeout: 0, new_bucketing: true, orig_os: android, osVersion: 9.0, os_version: 9.0, pixelRatio: 3.5, platform: ANDROID, platformName: Android, platformVersion: 9, realMobile: true, sessionId: 2860b0229016ff6536276e8fdd9..., skipServerInstallation: true, statBarHeight: 171, systemPort: 8201, takesScreenshot: true, udid: 8B4Y0TM7A, uiautomator2ServerLaunchTimeout: 60000, version: , viewportRect: {height: 2450, left: 0, top: 171, width: 1440}, warnings: {}, webStorageEnabled: false}
Session ID: 2860b0229016ff6536276e8fdd993bd5c53fbd20
*** Element info: {Using=xpath, value=//android.widget.TextView[@text=&#039;Next&#039;]}" type="org.openqa.selenium.NoSuchElementException">
      <![CDATA[org.openqa.selenium.NoSuchElementException: An element could not be located on the page using the given search parameters. (WARNING: The server did not provide any stacktrace information)
Command duration or timeout: 0 milliseconds
For documentation on this error, please visit: https://www.seleniumhq.org/exceptions/no_such_element.html
Build info: version: '3.141.59', revision: 'e82be7d358', time: '2018-11-14T08:17:03'
System info: host: 'Kamals-MacBook-Pro.local', ip: '2401:4900:5df2:5fce:ac78:6c9b:628c:4dea%en0', os.name: 'Mac OS X', os.arch: 'x86_64', os.version: '10.16', java.version: '15.0.1'
Driver info: io.appium.java_client.android.AndroidDriver
Capabilities {64bit: false, acceptSslCert: false, acceptSslCerts: false, adbExecTimeout: 120000, appActivity: dog.fa.so.app.MainActivity, appPackage: dog.fa.so.app.stage, automationName: uiautomator2, browserstack.appium_version: 1.17.0, browserstack.is_hub_canary: false, browserstack.minOSVersion: 7.0, bundleID: dog.fa.so.app.stage, bundleId: dog.fa.so.app.stage, capabilities: {64bit: false, acceptSslCert: false, acceptSslCerts: false, adbExecTimeout: 120000, appActivity: dog.fa.so.app.MainActivity, appPackage: dog.fa.so.app.stage, automationName: uiautomator2, browserstack.appium_version: 1.17.0, browserstack.is_hub_canary: false, browserstack.minOSVersion: 7.0, bundleID: dog.fa.so.app.stage, bundleId: dog.fa.so.app.stage, chromeOptions: {w3c: false}, chromedriverPort: 18081, chromedriverPorts: [[18111, 18121]], databaseEnabled: false, detected_language: selenium/3.141.59 (java mac), device: google pixel 3 xl, deviceApiLevel: 28, deviceManufacturer: Google, deviceModel: Pixel 3 XL, deviceName: 8B4Y0TM7A, deviceScreenDensity: 560, deviceScreenSize: 1440x2960, deviceUDID: 8B4Y0TM7A, disableSuppressAccessibilityService: true, enablePerformanceLogging: false, javascriptEnabled: true, locationContextEnabled: false, mobile: {browser: mobile, version: Google Pixel 3 XL-9.0}, nativeWebScreenshot: true, networkConnectionEnabled: true, newCommandTimeout: 0, new_bucketing: true, orig_os: android, osVersion: 9.0, os_version: 9.0, pixelRatio: 3.5, platform: ANDROID, platformName: Android, platformVersion: 9, realMobile: true, sessionId: 2860b0229016ff6536276e8fdd9..., skipServerInstallation: true, statBarHeight: 171, systemPort: 8201, takesScreenshot: true, udid: 8B4Y0TM7A, uiautomator2ServerLaunchTimeout: 60000, version: , viewportRect: {height: 2450, left: 0, top: 171, width: 1440}, warnings: {}, webStorageEnabled: false}, chromeOptions: {w3c: false}, chromedriverPort: 18081, chromedriverPorts: [[18111, 18121]], databaseEnabled: false, detected_language: selenium/3.141.59 (java mac), device: google pixel 3 xl, deviceApiLevel: 28, deviceManufacturer: Google, deviceModel: Pixel 3 XL, deviceName: 8B4Y0TM7A, deviceScreenDensity: 560, deviceScreenSize: 1440x2960, deviceUDID: 8B4Y0TM7A, disableSuppressAccessibilityService: true, enablePerformanceLogging: false, javascriptEnabled: true, locationContextEnabled: false, mobile: {browser: mobile, version: Google Pixel 3 XL-9.0}, nativeWebScreenshot: true, networkConnectionEnabled: true, newCommandTimeout: 0, new_bucketing: true, orig_os: android, osVersion: 9.0, os_version: 9.0, pixelRatio: 3.5, platform: ANDROID, platformName: Android, platformVersion: 9, realMobile: true, sessionId: 2860b0229016ff6536276e8fdd9..., skipServerInstallation: true, statBarHeight: 171, systemPort: 8201, takesScreenshot: true, udid: 8B4Y0TM7A, uiautomator2ServerLaunchTimeout: 60000, version: , viewportRect: {height: 2450, left: 0, top: 171, width: 1440}, warnings: {}, webStorageEnabled: false}
Session ID: 2860b0229016ff6536276e8fdd993bd5c53fbd20
*** Element info: {Using=xpath, value=//android.widget.TextView[@text='Next']}
at java.base/jdk.internal.reflect.NativeConstructorAccessorImpl.newInstance0(Native Method)
at java.base/jdk.internal.reflect.NativeConstructorAccessorImpl.newInstance(NativeConstructorAccessorImpl.java:64)
at java.base/jdk.internal.reflect.DelegatingConstructorAccessorImpl.newInstance(DelegatingConstructorAccessorImpl.java:45)
at java.base/java.lang.reflect.Constructor.newInstanceWithCaller(Constructor.java:500)
at java.base/java.lang.reflect.Constructor.newInstance(Constructor.java:481)
at org.openqa.selenium.remote.ErrorHandler.createThrowable(ErrorHandler.java:214)
at org.openqa.selenium.remote.ErrorHandler.throwIfResponseFailed(ErrorHandler.java:166)
at org.openqa.selenium.remote.http.JsonHttpResponseCodec.reconstructValue(JsonHttpResponseCodec.java:40)
at org.openqa.selenium.remote.http.AbstractHttpResponseCodec.decode(AbstractHttpResponseCodec.java:80)
at org.openqa.selenium.remote.http.AbstractHttpResponseCodec.decode(AbstractHttpResponseCodec.java:44)
at org.openqa.selenium.remote.HttpCommandExecutor.execute(HttpCommandExecutor.java:158)
at io.appium.java_client.remote.AppiumCommandExecutor.execute(AppiumCommandExecutor.java:239)
at org.openqa.selenium.remote.RemoteWebDriver.execute(RemoteWebDriver.java:552)
at io.appium.java_client.DefaultGenericMobileDriver.execute(DefaultGenericMobileDriver.java:41)
at io.appium.java_client.AppiumDriver.execute(AppiumDriver.java:1)
at io.appium.java_client.android.AndroidDriver.execute(AndroidDriver.java:1)
at org.openqa.selenium.remote.RemoteWebDriver.findElement(RemoteWebDriver.java:323)
at io.appium.java_client.DefaultGenericMobileDriver.findElement(DefaultGenericMobileDriver.java:61)
at io.appium.java_client.AppiumDriver.findElement(AppiumDriver.java:1)
at io.appium.java_client.android.AndroidDriver.findElement(AndroidDriver.java:1)
at org.openqa.selenium.remote.RemoteWebDriver.findElementByXPath(RemoteWebDriver.java:428)
at io.appium.java_client.DefaultGenericMobileDriver.findElementByXPath(DefaultGenericMobileDriver.java:151)
at io.appium.java_client.AppiumDriver.findElementByXPath(AppiumDriver.java:1)
at io.appium.java_client.android.AndroidDriver.findElementByXPath(AndroidDriver.java:1)
at Memberse.AndroidAutomation.aLoginWithFacebookTest.iLoginWithFacebookTestCase(aLoginWithFacebookTest.java:47)
at java.base/jdk.internal.reflect.NativeMethodAccessorImpl.invoke0(Native Method)
at java.base/jdk.internal.reflect.NativeMethodAccessorImpl.invoke(NativeMethodAccessorImpl.java:64)
at java.base/jdk.internal.reflect.DelegatingMethodAccessorImpl.invoke(DelegatingMethodAccessorImpl.java:43)
at java.base/java.lang.reflect.Method.invoke(Method.java:564)
at org.testng.internal.MethodInvocationHelper.invokeMethod(MethodInvocationHelper.java:133)
at org.testng.internal.TestInvoker.invokeMethod(TestInvoker.java:584)
at org.testng.internal.TestInvoker.invokeTestMethod(TestInvoker.java:172)
at org.testng.internal.MethodRunner.runInSequence(MethodRunner.java:46)
at org.testng.internal.TestInvoker$MethodInvocationAgent.invoke(TestInvoker.java:804)
at org.testng.internal.TestInvoker.invokeTestMethods(TestInvoker.java:145)
at org.testng.internal.TestMethodWorker.invokeTestMethods(TestMethodWorker.java:146)
at org.testng.internal.TestMethodWorker.run(TestMethodWorker.java:128)
at java.base/java.util.ArrayList.forEach(ArrayList.java:1511)
at org.testng.TestRunner.privateRun(TestRunner.java:770)
at org.testng.TestRunner.run(TestRunner.java:591)
at org.testng.SuiteRunner.runTest(SuiteRunner.java:402)
at org.testng.SuiteRunner.runSequentially(SuiteRunner.java:396)
at org.testng.SuiteRunner.privateRun(SuiteRunner.java:355)
at org.testng.SuiteRunner.run(SuiteRunner.java:304)
at org.testng.SuiteRunnerWorker.runSuite(SuiteRunnerWorker.java:53)
at org.testng.SuiteRunnerWorker.run(SuiteRunnerWorker.java:96)
at org.testng.TestNG.runSuitesSequentially(TestNG.java:1180)
at org.testng.TestNG.runSuitesLocally(TestNG.java:1102)
at org.testng.TestNG.runSuites(TestNG.java:1032)
at org.testng.TestNG.run(TestNG.java:1000)
at org.testng.remote.AbstractRemoteTestNG.run(AbstractRemoteTestNG.java:115)
at org.testng.remote.RemoteTestNG.initAndRun(RemoteTestNG.java:251)
at org.testng.remote.RemoteTestNG.main(RemoteTestNG.java:77)
]]>
    </error>
  </testcase> <!-- iLoginWithFacebookTestCase -->
</testsuite> <!-- Memberse.AndroidAutomation.aLoginWithFacebookTest -->
